.venv/bin/python runner/run_experiment.py
cpu  low  rep=02 rt_ms=2737.2 cpu%=22.8 mem=11.7 rMiB=0.0 wMiB=0.0 exit=0
mem  med  rep=26 rt_ms=2414.1 cpu%=10.5 mem=204.1 rMiB=0.0 wMiB=0.0 exit=0
cpu  high rep=03 rt_ms=5722.6 cpu%=62.5 mem=11.5 rMiB=0.0 wMiB=0.8 exit=0
mix  low  rep=17 rt_ms=3159.5 cpu%=32.2 mem=11.7 rMiB=0.0 wMiB=32.0 exit=0
disk high rep=21 rt_ms=2507.2 cpu%=9.1 mem=344.2 rMiB=0.0 wMiB=320.0 exit=0
cpu  high rep=05 rt_ms=5792.6 cpu%=61.6 mem=11.7 rMiB=0.0 wMiB=0.8 exit=0
cpu  med  rep=15 rt_ms=3938.2 cpu%=45.1 mem=11.7 rMiB=0.0 wMiB=0.0 exit=0
disk med  rep=18 rt_ms=2420.1 cpu%=6.6 mem=212.2 rMiB=0.0 wMiB=192.0 exit=0
mix  low  rep=19 rt_ms=3170.6 cpu%=32.1 mem=11.8 rMiB=0.0 wMiB=32.0 exit=0
disk low  rep=12 rt_ms=2314.6 cpu%=3.8 mem=80.7 rMiB=0.0 wMiB=64.0 exit=0
mem  low  rep=17 rt_ms=2298.2 cpu%=5.0 mem=75.8 rMiB=0.0 wMiB=0.0 exit=0
cpu  high rep=28 rt_ms=5661.9 cpu%=62.3 mem=11.6 rMiB=0.0 wMiB=0.8 exit=0
mem  high rep=00 rt_ms=2512.6 cpu%=15.5 mem=332.2 rMiB=0.0 wMiB=0.0 exit=0
mix  high rep=13 rt_ms=7044.6 cpu%=68.0 mem=177.4 rMiB=0.0 wMiB=160.0 exit=0
mix  high rep=15 rt_ms=7047.9 cpu%=68.9 mem=179.3 rMiB=0.0 wMiB=160.0 exit=0
cpu  low  rep=18 rt_ms=2764.9 cpu%=22.5 mem=11.6 rMiB=0.0 wMiB=0.0 exit=0
cpu  high rep=21 rt_ms=5678.9 cpu%=61.8 mem=11.7 rMiB=0.0 wMiB=0.8 exit=0
mix  high rep=17 rt_ms=7053.9 cpu%=68.8 mem=179.4 rMiB=0.0 wMiB=160.0 exit=0
cpu  high rep=29 rt_ms=5657.0 cpu%=62.0 mem=11.7 rMiB=0.0 wMiB=0.8 exit=0
cpu  low  rep=15 rt_ms=2788.5 cpu%=22.2 mem=11.7 rMiB=0.0 wMiB=0.0 exit=0
disk high rep=22 rt_ms=2534.9 cpu%=8.9 mem=344.2 rMiB=0.0 wMiB=320.0 exit=0
mem  med  rep=20 rt_ms=2407.8 cpu%=10.5 mem=203.9 rMiB=0.0 wMiB=0.0 exit=0
mix  med  rep=22 rt_ms=5116.7 cpu%=56.8 mem=113.5 rMiB=0.0 wMiB=96.0 exit=0
mem  low  rep=25 rt_ms=2310.3 cpu%=5.0 mem=75.8 rMiB=0.0 wMiB=0.0 exit=0
mix  med  rep=18 rt_ms=5112.1 cpu%=57.7 mem=111.4 rMiB=0.0 wMiB=96.0 exit=0
cpu  high rep=26 rt_ms=5638.3 cpu%=61.7 mem=11.6 rMiB=0.0 wMiB=0.8 exit=0
disk low  rep=13 rt_ms=2297.3 cpu%=3.9 mem=12.0 rMiB=0.0 wMiB=64.0 exit=0
mix  high rep=18 rt_ms=7086.5 cpu%=68.1 mem=179.5 rMiB=0.0 wMiB=160.0 exit=0
mem  high rep=15 rt_ms=2536.4 cpu%=15.2 mem=332.3 rMiB=0.0 wMiB=0.0 exit=0
cpu  low  rep=16 rt_ms=2724.3 cpu%=22.7 mem=11.6 rMiB=0.0 wMiB=0.0 exit=0
mem  high rep=16 rt_ms=2520.3 cpu%=15.2 mem=332.3 rMiB=0.0 wMiB=0.0 exit=0
disk high rep=10 rt_ms=2508.5 cpu%=8.9 mem=344.2 rMiB=0.0 wMiB=320.0 exit=0
mem  high rep=19 rt_ms=2532.1 cpu%=15.4 mem=332.2 rMiB=0.0 wMiB=0.0 exit=0
mix  med  rep=21 rt_ms=5130.7 cpu%=56.4 mem=113.4 rMiB=0.0 wMiB=96.0 exit=0
mem  high rep=05 rt_ms=2578.3 cpu%=15.1 mem=332.3 rMiB=0.0 wMiB=0.0 exit=0
cpu  med  rep=02 rt_ms=3949.9 cpu%=44.3 mem=11.5 rMiB=0.0 wMiB=0.0 exit=0
mem  low  rep=20 rt_ms=2294.4 cpu%=5.0 mem=75.7 rMiB=0.0 wMiB=0.0 exit=0
mem  med  rep=24 rt_ms=2406.9 cpu%=10.4 mem=203.9 rMiB=0.0 wMiB=0.0 exit=0
mem  med  rep=04 rt_ms=2419.5 cpu%=10.4 mem=204.0 rMiB=0.0 wMiB=0.0 exit=0
disk med  rep=28 rt_ms=2411.4 cpu%=6.4 mem=212.4 rMiB=0.0 wMiB=192.0 exit=0
mix  med  rep=29 rt_ms=5144.3 cpu%=55.7 mem=107.9 rMiB=0.0 wMiB=96.0 exit=0
mix  high rep=10 rt_ms=7091.8 cpu%=67.5 mem=177.5 rMiB=0.0 wMiB=160.0 exit=0
disk med  rep=17 rt_ms=2425.6 cpu%=6.3 mem=210.3 rMiB=0.0 wMiB=192.0 exit=0
mix  med  rep=23 rt_ms=5156.2 cpu%=55.7 mem=107.7 rMiB=0.0 wMiB=96.0 exit=0
mix  med  rep=24 rt_ms=5069.5 cpu%=56.4 mem=107.9 rMiB=0.0 wMiB=96.0 exit=0
cpu  high rep=01 rt_ms=5557.4 cpu%=61.8 mem=11.6 rMiB=0.0 wMiB=0.8 exit=0
cpu  med  rep=28 rt_ms=3945.2 cpu%=44.0 mem=11.7 rMiB=0.0 wMiB=0.0 exit=0
cpu  high rep=08 rt_ms=5671.0 cpu%=60.9 mem=11.5 rMiB=0.0 wMiB=0.8 exit=0
mix  low  rep=15 rt_ms=3189.3 cpu%=31.2 mem=11.8 rMiB=0.0 wMiB=32.0 exit=0
cpu  high rep=12 rt_ms=5649.1 cpu%=61.0 mem=11.7 rMiB=0.0 wMiB=0.8 exit=0
mem  high rep=08 rt_ms=2518.6 cpu%=15.5 mem=332.3 rMiB=0.0 wMiB=0.0 exit=0
mix  low  rep=23 rt_ms=3153.6 cpu%=31.8 mem=11.8 rMiB=0.0 wMiB=32.0 exit=0
disk med  rep=04 rt_ms=2405.4 cpu%=6.5 mem=212.4 rMiB=0.0 wMiB=192.0 exit=0
disk high rep=00 rt_ms=2506.1 cpu%=8.8 mem=344.0 rMiB=0.0 wMiB=320.0 exit=0
mix  low  rep=06 rt_ms=3158.4 cpu%=31.3 mem=45.6 rMiB=0.0 wMiB=32.0 exit=0
mem  med  rep=17 rt_ms=2404.8 cpu%=10.5 mem=204.0 rMiB=0.0 wMiB=0.0 exit=0
mem  med  rep=10 rt_ms=2416.1 cpu%=10.5 mem=203.9 rMiB=0.0 wMiB=0.0 exit=0
disk low  rep=18 rt_ms=2322.5 cpu%=3.7 mem=80.6 rMiB=0.0 wMiB=64.0 exit=0
mix  med  rep=05 rt_ms=5096.2 cpu%=56.4 mem=107.7 rMiB=0.0 wMiB=96.0 exit=0
mix  low  rep=26 rt_ms=3175.1 cpu%=30.9 mem=45.5 rMiB=0.0 wMiB=32.0 exit=0
mix  low  rep=27 rt_ms=3179.7 cpu%=30.7 mem=47.5 rMiB=0.0 wMiB=32.0 exit=0
mem  low  rep=15 rt_ms=2301.7 cpu%=5.1 mem=75.6 rMiB=0.0 wMiB=0.0 exit=0
cpu  med  rep=22 rt_ms=3886.1 cpu%=44.2 mem=11.7 rMiB=0.0 wMiB=0.0 exit=0
mem  med  rep=13 rt_ms=2411.2 cpu%=10.5 mem=204.0 rMiB=0.0 wMiB=0.0 exit=0
disk high rep=03 rt_ms=2539.0 cpu%=8.7 mem=344.2 rMiB=0.0 wMiB=320.0 exit=0
mem  low  rep=03 rt_ms=2302.9 cpu%=5.0 mem=75.6 rMiB=0.0 wMiB=0.0 exit=0
cpu  low  rep=01 rt_ms=2718.6 cpu%=21.8 mem=11.7 rMiB=0.0 wMiB=0.0 exit=0
mem  med  rep=22 rt_ms=2407.3 cpu%=10.4 mem=204.0 rMiB=0.0 wMiB=0.0 exit=0
disk med  rep=27 rt_ms=2394.6 cpu%=6.5 mem=210.2 rMiB=0.0 wMiB=192.0 exit=0
cpu  med  rep=17 rt_ms=3839.5 cpu%=44.2 mem=11.6 rMiB=0.0 wMiB=0.0 exit=0
mem  high rep=21 rt_ms=2513.5 cpu%=15.6 mem=332.3 rMiB=0.0 wMiB=0.0 exit=0
disk high rep=23 rt_ms=2512.2 cpu%=8.9 mem=344.2 rMiB=0.0 wMiB=320.0 exit=0
disk high rep=20 rt_ms=2485.0 cpu%=9.1 mem=344.2 rMiB=0.0 wMiB=320.0 exit=0
mix  high rep=00 rt_ms=6855.8 cpu%=67.9 mem=179.4 rMiB=0.0 wMiB=160.0 exit=0
cpu  low  rep=19 rt_ms=2717.8 cpu%=21.9 mem=11.7 rMiB=0.0 wMiB=0.0 exit=0
disk low  rep=29 rt_ms=2301.8 cpu%=3.7 mem=80.7 rMiB=0.0 wMiB=64.0 exit=0
cpu  high rep=11 rt_ms=5570.1 cpu%=60.4 mem=12.0 rMiB=0.0 wMiB=0.8 exit=0
mix  low  rep=12 rt_ms=3162.3 cpu%=31.0 mem=45.6 rMiB=0.0 wMiB=32.0 exit=0
disk high rep=15 rt_ms=2512.8 cpu%=9.0 mem=344.0 rMiB=0.0 wMiB=320.0 exit=0
mem  high rep=25 rt_ms=2520.9 cpu%=15.4 mem=332.2 rMiB=0.0 wMiB=0.0 exit=0
cpu  low  rep=14 rt_ms=2751.5 cpu%=22.3 mem=11.6 rMiB=0.0 wMiB=0.0 exit=0
mem  low  rep=11 rt_ms=2305.5 cpu%=5.1 mem=75.9 rMiB=0.0 wMiB=0.0 exit=0
cpu  high rep=09 rt_ms=5558.0 cpu%=60.5 mem=11.6 rMiB=0.0 wMiB=0.8 exit=0
mem  low  rep=18 rt_ms=2278.1 cpu%=5.2 mem=75.7 rMiB=0.0 wMiB=0.0 exit=0
mem  med  rep=02 rt_ms=2421.7 cpu%=10.4 mem=203.9 rMiB=0.0 wMiB=0.0 exit=0
disk low  rep=08 rt_ms=2221.6 cpu%=4.0 mem=80.5 rMiB=0.0 wMiB=64.0 exit=0
mem  high rep=04 rt_ms=2555.4 cpu%=15.2 mem=332.3 rMiB=0.0 wMiB=0.0 exit=0
cpu  med  rep=18 rt_ms=3929.9 cpu%=43.3 mem=11.6 rMiB=0.0 wMiB=0.0 exit=0
cpu  high rep=14 rt_ms=5523.7 cpu%=60.9 mem=11.6 rMiB=0.0 wMiB=0.8 exit=0
disk high rep=06 rt_ms=2507.9 cpu%=9.0 mem=344.0 rMiB=0.0 wMiB=320.0 exit=0
cpu  med  rep=16 rt_ms=3847.5 cpu%=44.6 mem=11.5 rMiB=0.0 wMiB=0.0 exit=0
cpu  low  rep=17 rt_ms=2760.7 cpu%=22.1 mem=11.7 rMiB=0.0 wMiB=0.0 exit=0
disk high rep=05 rt_ms=2527.7 cpu%=8.9 mem=344.2 rMiB=0.0 wMiB=320.0 exit=0
cpu  high rep=23 rt_ms=5601.5 cpu%=61.4 mem=11.7 rMiB=0.0 wMiB=0.8 exit=0
mix  med  rep=12 rt_ms=5037.0 cpu%=55.9 mem=111.3 rMiB=0.0 wMiB=96.0 exit=0
mem  high rep=26 rt_ms=2516.0 cpu%=15.4 mem=332.3 rMiB=0.0 wMiB=0.0 exit=0
mem  high rep=29 rt_ms=2515.2 cpu%=15.4 mem=332.3 rMiB=0.0 wMiB=0.0 exit=0
mem  med  rep=01 rt_ms=2412.7 cpu%=10.4 mem=204.1 rMiB=0.0 wMiB=0.0 exit=0
mem  low  rep=05 rt_ms=2324.8 cpu%=4.9 mem=75.7 rMiB=0.0 wMiB=0.0 exit=0
disk high rep=01 rt_ms=2519.3 cpu%=9.0 mem=344.2 rMiB=0.0 wMiB=320.0 exit=0
cpu  med  rep=29 rt_ms=3834.2 cpu%=44.3 mem=11.5 rMiB=0.0 wMiB=0.0 exit=0
mem  low  rep=24 rt_ms=2308.9 cpu%=5.0 mem=75.7 rMiB=0.0 wMiB=0.0 exit=0
cpu  med  rep=12 rt_ms=3878.0 cpu%=44.2 mem=11.6 rMiB=0.0 wMiB=0.0 exit=0
mix  med  rep=26 rt_ms=5015.0 cpu%=56.4 mem=111.5 rMiB=0.0 wMiB=96.0 exit=0
mix  high rep=12 rt_ms=6943.9 cpu%=68.2 mem=179.5 rMiB=0.0 wMiB=160.8 exit=0
mem  med  rep=29 rt_ms=2378.0 cpu%=10.6 mem=204.0 rMiB=0.0 wMiB=0.0 exit=0
mem  high rep=22 rt_ms=2542.7 cpu%=15.4 mem=332.3 rMiB=0.0 wMiB=0.0 exit=0
mix  high rep=14 rt_ms=6908.7 cpu%=68.1 mem=177.4 rMiB=0.0 wMiB=160.0 exit=0
disk med  rep=09 rt_ms=2404.8 cpu%=6.8 mem=212.4 rMiB=0.0 wMiB=192.0 exit=0
cpu  med  rep=01 rt_ms=3916.5 cpu%=43.9 mem=11.7 rMiB=0.0 wMiB=0.0 exit=0
disk high rep=28 rt_ms=2518.1 cpu%=9.6 mem=344.2 rMiB=0.0 wMiB=320.0 exit=0
cpu  high rep=13 rt_ms=5546.8 cpu%=61.4 mem=11.6 rMiB=0.0 wMiB=0.8 exit=0
cpu  med  rep=21 rt_ms=3927.7 cpu%=44.3 mem=11.5 rMiB=0.0 wMiB=0.0 exit=0
mix  med  rep=01 rt_ms=5021.5 cpu%=56.2 mem=111.3 rMiB=0.0 wMiB=96.0 exit=0
disk low  rep=21 rt_ms=2308.7 cpu%=3.8 mem=80.9 rMiB=0.0 wMiB=64.0 exit=0
mix  low  rep=01 rt_ms=3176.3 cpu%=31.0 mem=37.6 rMiB=0.0 wMiB=32.0 exit=0
disk med  rep=01 rt_ms=2406.5 cpu%=6.7 mem=212.4 rMiB=0.0 wMiB=192.0 exit=0
disk high rep=14 rt_ms=2517.7 cpu%=9.4 mem=344.2 rMiB=0.0 wMiB=320.0 exit=0
mix  low  rep=18 rt_ms=3169.6 cpu%=31.2 mem=45.5 rMiB=0.0 wMiB=32.0 exit=0
mix  high rep=27 rt_ms=6987.8 cpu%=67.8 mem=179.5 rMiB=0.0 wMiB=160.0 exit=0
mem  med  rep=08 rt_ms=2386.2 cpu%=10.4 mem=204.0 rMiB=0.0 wMiB=0.0 exit=0
cpu  low  rep=24 rt_ms=2814.5 cpu%=21.4 mem=11.5 rMiB=0.0 wMiB=0.0 exit=0
mem  med  rep=12 rt_ms=2425.8 cpu%=10.3 mem=203.9 rMiB=0.0 wMiB=0.0 exit=0
mem  high rep=24 rt_ms=2558.3 cpu%=15.5 mem=332.3 rMiB=0.0 wMiB=0.0 exit=0
disk med  rep=16 rt_ms=2414.8 cpu%=6.6 mem=212.4 rMiB=0.0 wMiB=192.0 exit=0
mix  med  rep=17 rt_ms=5099.8 cpu%=55.9 mem=111.4 rMiB=0.0 wMiB=96.0 exit=0
mem  low  rep=26 rt_ms=2303.3 cpu%=5.1 mem=75.7 rMiB=0.0 wMiB=0.0 exit=0
cpu  low  rep=03 rt_ms=2729.8 cpu%=22.0 mem=11.6 rMiB=0.0 wMiB=0.0 exit=0
disk med  rep=12 rt_ms=2408.6 cpu%=6.8 mem=212.4 rMiB=0.0 wMiB=192.0 exit=0
cpu  med  rep=13 rt_ms=3814.7 cpu%=44.0 mem=11.6 rMiB=0.0 wMiB=0.0 exit=0
mix  high rep=02 rt_ms=6938.0 cpu%=67.9 mem=177.4 rMiB=0.0 wMiB=160.0 exit=0
mem  low  rep=00 rt_ms=2297.9 cpu%=5.0 mem=75.6 rMiB=0.0 wMiB=0.0 exit=0
disk high rep=02 rt_ms=2515.2 cpu%=9.1 mem=344.2 rMiB=0.0 wMiB=320.0 exit=0
mix  med  rep=03 rt_ms=5081.3 cpu%=56.2 mem=107.8 rMiB=0.0 wMiB=96.8 exit=0
disk med  rep=00 rt_ms=2423.3 cpu%=6.9 mem=212.4 rMiB=0.0 wMiB=192.0 exit=0
mix  med  rep=06 rt_ms=5023.8 cpu%=56.3 mem=111.5 rMiB=0.0 wMiB=96.0 exit=0
mix  med  rep=14 rt_ms=5113.1 cpu%=56.5 mem=113.4 rMiB=0.0 wMiB=96.0 exit=0
mem  low  rep=28 rt_ms=2298.2 cpu%=5.0 mem=75.7 rMiB=0.0 wMiB=0.0 exit=0
mix  high rep=11 rt_ms=7044.7 cpu%=68.1 mem=177.4 rMiB=0.0 wMiB=160.0 exit=0
disk high rep=24 rt_ms=2528.0 cpu%=9.3 mem=344.2 rMiB=0.0 wMiB=320.0 exit=0
mix  high rep=16 rt_ms=6937.2 cpu%=67.8 mem=179.2 rMiB=0.0 wMiB=160.0 exit=0
mix  high rep=09 rt_ms=6965.2 cpu%=67.7 mem=179.5 rMiB=0.0 wMiB=160.0 exit=0
cpu  med  rep=11 rt_ms=3946.3 cpu%=43.9 mem=11.7 rMiB=0.0 wMiB=0.0 exit=0
disk med  rep=06 rt_ms=2449.4 cpu%=6.7 mem=212.4 rMiB=0.0 wMiB=192.0 exit=0
cpu  med  rep=14 rt_ms=3930.5 cpu%=43.6 mem=11.6 rMiB=0.0 wMiB=0.0 exit=0
cpu  low  rep=05 rt_ms=2767.2 cpu%=21.8 mem=11.7 rMiB=0.0 wMiB=0.0 exit=0
disk low  rep=10 rt_ms=2292.6 cpu%=3.8 mem=80.4 rMiB=0.0 wMiB=64.0 exit=0
mem  high rep=17 rt_ms=2532.2 cpu%=15.7 mem=332.2 rMiB=0.0 wMiB=0.0 exit=0
cpu  low  rep=20 rt_ms=2732.4 cpu%=21.9 mem=11.7 rMiB=0.0 wMiB=0.0 exit=0
mem  low  rep=29 rt_ms=2283.8 cpu%=5.0 mem=75.8 rMiB=0.0 wMiB=0.0 exit=0
cpu  med  rep=07 rt_ms=3870.1 cpu%=44.1 mem=11.5 rMiB=0.0 wMiB=0.0 exit=0
cpu  med  rep=08 rt_ms=3872.9 cpu%=44.6 mem=11.5 rMiB=0.0 wMiB=0.0 exit=0
cpu  low  rep=04 rt_ms=2728.8 cpu%=22.0 mem=11.5 rMiB=0.0 wMiB=0.0 exit=0
cpu  high rep=15 rt_ms=5585.2 cpu%=60.7 mem=11.6 rMiB=0.0 wMiB=0.8 exit=0
mem  med  rep=07 rt_ms=2391.7 cpu%=10.5 mem=203.9 rMiB=0.0 wMiB=0.0 exit=0
mem  med  rep=23 rt_ms=2419.8 cpu%=10.5 mem=204.0 rMiB=0.0 wMiB=0.0 exit=0
cpu  low  rep=11 rt_ms=2713.9 cpu%=22.0 mem=11.6 rMiB=0.0 wMiB=0.0 exit=0
mem  high rep=01 rt_ms=2502.7 cpu%=15.5 mem=332.1 rMiB=0.0 wMiB=0.0 exit=0
disk med  rep=13 rt_ms=2421.1 cpu%=6.6 mem=212.4 rMiB=0.0 wMiB=192.0 exit=0
cpu  med  rep=09 rt_ms=3817.1 cpu%=44.2 mem=11.5 rMiB=0.0 wMiB=0.0 exit=0
cpu  low  rep=26 rt_ms=2734.1 cpu%=21.7 mem=11.7 rMiB=0.0 wMiB=0.0 exit=0
disk low  rep=09 rt_ms=2300.1 cpu%=3.7 mem=80.6 rMiB=0.0 wMiB=64.0 exit=0
disk low  rep=05 rt_ms=2310.3 cpu%=3.6 mem=11.9 rMiB=0.0 wMiB=64.0 exit=0
mix  high rep=24 rt_ms=7003.2 cpu%=67.3 mem=177.4 rMiB=0.0 wMiB=160.0 exit=0
mem  med  rep=16 rt_ms=2408.2 cpu%=10.2 mem=203.9 rMiB=0.0 wMiB=0.0 exit=0
disk low  rep=27 rt_ms=2303.6 cpu%=3.8 mem=80.5 rMiB=0.0 wMiB=64.0 exit=0
disk high rep=08 rt_ms=2505.4 cpu%=9.7 mem=344.2 rMiB=0.0 wMiB=320.0 exit=0
mix  high rep=20 rt_ms=6912.5 cpu%=67.8 mem=177.4 rMiB=0.0 wMiB=160.0 exit=0
cpu  low  rep=13 rt_ms=2759.6 cpu%=22.2 mem=11.7 rMiB=0.0 wMiB=0.0 exit=0
cpu  high rep=17 rt_ms=5593.0 cpu%=61.4 mem=11.6 rMiB=0.0 wMiB=0.8 exit=0
cpu  high rep=02 rt_ms=5551.6 cpu%=61.1 mem=11.5 rMiB=0.0 wMiB=0.8 exit=0
mix  med  rep=02 rt_ms=5052.8 cpu%=56.6 mem=111.4 rMiB=0.0 wMiB=96.0 exit=0
cpu  low  rep=29 rt_ms=2734.7 cpu%=22.2 mem=11.7 rMiB=0.0 wMiB=0.0 exit=0
mem  low  rep=23 rt_ms=2340.5 cpu%=4.9 mem=75.7 rMiB=0.0 wMiB=0.0 exit=0
mem  high rep=13 rt_ms=2563.8 cpu%=15.1 mem=332.1 rMiB=0.0 wMiB=0.0 exit=0
cpu  med  rep=20 rt_ms=3945.1 cpu%=43.5 mem=11.6 rMiB=0.0 wMiB=0.0 exit=0
mem  low  rep=06 rt_ms=2265.0 cpu%=5.1 mem=75.7 rMiB=0.0 wMiB=0.0 exit=0
disk low  rep=23 rt_ms=2338.0 cpu%=3.6 mem=80.7 rMiB=0.0 wMiB=64.0 exit=0
mix  low  rep=20 rt_ms=3128.1 cpu%=30.9 mem=11.8 rMiB=0.0 wMiB=32.0 exit=0
mix  high rep=04 rt_ms=6934.4 cpu%=67.9 mem=179.4 rMiB=0.0 wMiB=160.0 exit=0
disk high rep=17 rt_ms=2563.6 cpu%=9.2 mem=344.2 rMiB=0.0 wMiB=320.0 exit=0
mem  low  rep=09 rt_ms=2301.8 cpu%=5.0 mem=75.7 rMiB=0.0 wMiB=0.0 exit=0
mem  high rep=02 rt_ms=2528.4 cpu%=15.3 mem=332.3 rMiB=0.0 wMiB=0.0 exit=0
mix  low  rep=09 rt_ms=3162.6 cpu%=30.5 mem=11.7 rMiB=0.0 wMiB=32.0 exit=0
mem  med  rep=05 rt_ms=2396.7 cpu%=11.1 mem=204.0 rMiB=0.0 wMiB=0.0 exit=0
disk low  rep=17 rt_ms=2272.0 cpu%=4.0 mem=80.4 rMiB=0.0 wMiB=64.0 exit=0
mix  high rep=22 rt_ms=6937.8 cpu%=67.4 mem=177.5 rMiB=0.0 wMiB=160.0 exit=0
mix  low  rep=05 rt_ms=3143.2 cpu%=31.2 mem=11.9 rMiB=0.0 wMiB=32.0 exit=0
cpu  low  rep=00 rt_ms=2817.5 cpu%=21.2 mem=11.5 rMiB=0.0 wMiB=0.0 exit=0
disk high rep=19 rt_ms=2515.5 cpu%=9.7 mem=344.2 rMiB=0.0 wMiB=320.0 exit=0
mix  high rep=25 rt_ms=6960.0 cpu%=67.6 mem=179.5 rMiB=0.0 wMiB=160.0 exit=0
disk high rep=25 rt_ms=2534.1 cpu%=9.2 mem=344.2 rMiB=0.0 wMiB=320.0 exit=0
disk low  rep=01 rt_ms=2273.7 cpu%=3.9 mem=80.7 rMiB=0.0 wMiB=64.0 exit=0
mix  low  rep=02 rt_ms=3144.7 cpu%=31.4 mem=11.8 rMiB=0.0 wMiB=32.0 exit=0
mix  high rep=01 rt_ms=6992.9 cpu%=67.1 mem=177.5 rMiB=0.0 wMiB=160.0 exit=0
disk low  rep=11 rt_ms=2230.3 cpu%=3.8 mem=80.5 rMiB=0.0 wMiB=64.0 exit=0
disk med  rep=02 rt_ms=2468.1 cpu%=7.3 mem=212.4 rMiB=0.0 wMiB=192.0 exit=0
cpu  high rep=10 rt_ms=5582.3 cpu%=60.4 mem=11.5 rMiB=0.0 wMiB=0.8 exit=0
disk med  rep=14 rt_ms=2427.6 cpu%=6.8 mem=212.4 rMiB=0.0 wMiB=192.0 exit=0
mix  med  rep=15 rt_ms=5134.8 cpu%=56.0 mem=107.9 rMiB=0.0 wMiB=96.0 exit=0
disk low  rep=22 rt_ms=2300.0 cpu%=3.7 mem=80.6 rMiB=0.0 wMiB=64.0 exit=0
mem  high rep=12 rt_ms=2527.7 cpu%=15.4 mem=332.2 rMiB=0.0 wMiB=0.0 exit=0
mem  low  rep=07 rt_ms=2289.6 cpu%=5.0 mem=75.6 rMiB=0.0 wMiB=0.0 exit=0
mem  med  rep=28 rt_ms=2428.4 cpu%=10.4 mem=203.9 rMiB=0.0 wMiB=0.0 exit=0
mem  low  rep=22 rt_ms=2318.7 cpu%=5.0 mem=75.9 rMiB=0.0 wMiB=0.0 exit=0
disk med  rep=03 rt_ms=2430.9 cpu%=6.6 mem=212.4 rMiB=0.0 wMiB=192.0 exit=0
cpu  med  rep=27 rt_ms=3822.1 cpu%=44.2 mem=11.5 rMiB=0.0 wMiB=0.0 exit=0
mem  low  rep=01 rt_ms=2333.0 cpu%=4.9 mem=75.8 rMiB=0.0 wMiB=0.0 exit=0
mem  low  rep=13 rt_ms=2321.8 cpu%=5.1 mem=75.6 rMiB=0.0 wMiB=0.0 exit=0
disk low  rep=19 rt_ms=2275.5 cpu%=4.1 mem=80.4 rMiB=0.0 wMiB=64.0 exit=0
cpu  high rep=20 rt_ms=5584.5 cpu%=60.6 mem=11.7 rMiB=0.0 wMiB=0.8 exit=0
mem  med  rep=19 rt_ms=2424.5 cpu%=10.4 mem=203.9 rMiB=0.0 wMiB=0.0 exit=0
disk med  rep=20 rt_ms=2407.5 cpu%=6.5 mem=212.2 rMiB=0.0 wMiB=192.0 exit=0
cpu  high rep=18 rt_ms=5556.6 cpu%=60.4 mem=11.6 rMiB=0.0 wMiB=0.8 exit=0
mem  low  rep=21 rt_ms=2304.4 cpu%=5.0 mem=75.8 rMiB=0.0 wMiB=0.0 exit=0
disk high rep=12 rt_ms=2518.8 cpu%=9.6 mem=344.2 rMiB=0.0 wMiB=320.0 exit=0
disk med  rep=22 rt_ms=2412.7 cpu%=6.7 mem=210.4 rMiB=0.0 wMiB=192.0 exit=0
disk high rep=11 rt_ms=2540.9 cpu%=9.3 mem=344.2 rMiB=0.0 wMiB=320.0 exit=0
mem  med  rep=18 rt_ms=2390.5 cpu%=10.5 mem=203.9 rMiB=0.0 wMiB=0.0 exit=0
cpu  low  rep=07 rt_ms=2728.1 cpu%=21.8 mem=11.7 rMiB=0.0 wMiB=0.0 exit=0
cpu  low  rep=10 rt_ms=2751.2 cpu%=21.4 mem=11.6 rMiB=0.0 wMiB=0.0 exit=0
cpu  high rep=22 rt_ms=5553.9 cpu%=60.5 mem=11.6 rMiB=0.0 wMiB=0.8 exit=0
mix  low  rep=04 rt_ms=3185.3 cpu%=30.7 mem=45.5 rMiB=0.0 wMiB=32.0 exit=0
disk high rep=26 rt_ms=2510.7 cpu%=9.6 mem=344.2 rMiB=0.0 wMiB=320.0 exit=0
disk med  rep=19 rt_ms=2413.5 cpu%=6.9 mem=212.4 rMiB=0.0 wMiB=192.0 exit=0
mem  med  rep=00 rt_ms=2412.2 cpu%=10.7 mem=204.0 rMiB=0.0 wMiB=0.0 exit=0
mix  low  rep=13 rt_ms=3183.3 cpu%=30.5 mem=47.6 rMiB=0.0 wMiB=32.0 exit=0
disk med  rep=29 rt_ms=2385.9 cpu%=7.0 mem=212.4 rMiB=0.0 wMiB=192.0 exit=0
disk high rep=16 rt_ms=2513.0 cpu%=9.6 mem=344.2 rMiB=0.0 wMiB=320.0 exit=0
mix  low  rep=16 rt_ms=3174.1 cpu%=30.2 mem=11.7 rMiB=0.0 wMiB=32.0 exit=0
disk low  rep=15 rt_ms=2310.5 cpu%=3.7 mem=80.4 rMiB=0.0 wMiB=64.0 exit=0
disk low  rep=25 rt_ms=2310.1 cpu%=3.7 mem=80.5 rMiB=0.0 wMiB=64.0 exit=0
disk high rep=07 rt_ms=2507.4 cpu%=9.7 mem=344.2 rMiB=0.0 wMiB=320.0 exit=0
mix  high rep=05 rt_ms=6870.9 cpu%=67.6 mem=179.5 rMiB=0.0 wMiB=160.0 exit=0
disk high rep=04 rt_ms=2486.1 cpu%=9.4 mem=344.2 rMiB=0.0 wMiB=320.0 exit=0
cpu  high rep=25 rt_ms=5540.0 cpu%=60.4 mem=11.7 rMiB=0.0 wMiB=0.8 exit=0
disk med  rep=05 rt_ms=2380.4 cpu%=7.1 mem=212.4 rMiB=0.0 wMiB=192.0 exit=0
disk low  rep=02 rt_ms=2293.1 cpu%=4.0 mem=80.6 rMiB=0.0 wMiB=64.0 exit=0
cpu  med  rep=26 rt_ms=3858.9 cpu%=44.3 mem=11.5 rMiB=0.0 wMiB=0.0 exit=0
mix  high rep=28 rt_ms=7091.3 cpu%=65.1 mem=179.5 rMiB=0.0 wMiB=160.8 exit=0
cpu  high rep=04 rt_ms=5548.6 cpu%=60.9 mem=11.5 rMiB=0.0 wMiB=0.8 exit=0
mem  med  rep=21 rt_ms=2382.5 cpu%=10.7 mem=204.0 rMiB=0.0 wMiB=0.0 exit=0
mix  low  rep=24 rt_ms=3110.1 cpu%=31.1 mem=47.4 rMiB=0.0 wMiB=32.0 exit=0
mem  high rep=06 rt_ms=2520.2 cpu%=15.5 mem=332.3 rMiB=0.0 wMiB=0.0 exit=0
mix  med  rep=07 rt_ms=5001.0 cpu%=56.0 mem=113.4 rMiB=0.0 wMiB=96.0 exit=0
mem  med  rep=03 rt_ms=2425.2 cpu%=10.3 mem=203.9 rMiB=0.0 wMiB=0.0 exit=0
mix  low  rep=08 rt_ms=3183.8 cpu%=30.6 mem=45.6 rMiB=0.0 wMiB=32.0 exit=0
cpu  med  rep=19 rt_ms=3936.1 cpu%=43.6 mem=11.6 rMiB=0.0 wMiB=0.0 exit=0
cpu  med  rep=24 rt_ms=3837.1 cpu%=44.5 mem=11.6 rMiB=0.0 wMiB=0.0 exit=0
disk low  rep=03 rt_ms=2309.3 cpu%=3.7 mem=80.5 rMiB=0.0 wMiB=64.0 exit=0
cpu  high rep=07 rt_ms=5554.9 cpu%=60.4 mem=11.7 rMiB=0.0 wMiB=0.8 exit=0
mem  high rep=03 rt_ms=2524.9 cpu%=15.3 mem=332.2 rMiB=0.0 wMiB=0.0 exit=0
mem  high rep=14 rt_ms=2517.4 cpu%=15.3 mem=332.1 rMiB=0.0 wMiB=0.0 exit=0
mem  high rep=23 rt_ms=2514.7 cpu%=15.4 mem=332.1 rMiB=0.0 wMiB=0.0 exit=0
mem  high rep=18 rt_ms=2518.7 cpu%=15.4 mem=332.3 rMiB=0.0 wMiB=0.0 exit=0
mix  low  rep=28 rt_ms=3171.1 cpu%=30.1 mem=47.6 rMiB=0.0 wMiB=32.0 exit=0
mem  low  rep=16 rt_ms=2269.1 cpu%=5.1 mem=75.7 rMiB=0.0 wMiB=0.0 exit=0
cpu  med  rep=05 rt_ms=3856.9 cpu%=44.3 mem=11.6 rMiB=0.0 wMiB=0.0 exit=0
disk low  rep=14 rt_ms=2287.8 cpu%=3.8 mem=80.6 rMiB=0.0 wMiB=64.0 exit=0
mem  high rep=27 rt_ms=2541.7 cpu%=15.7 mem=332.2 rMiB=0.0 wMiB=0.0 exit=0
disk med  rep=26 rt_ms=2410.3 cpu%=6.8 mem=212.4 rMiB=0.0 wMiB=192.0 exit=0
cpu  low  rep=28 rt_ms=2738.0 cpu%=21.5 mem=11.7 rMiB=0.0 wMiB=0.0 exit=0
cpu  high rep=19 rt_ms=5563.7 cpu%=60.2 mem=11.7 rMiB=0.0 wMiB=0.8 exit=0
mem  med  rep=27 rt_ms=2438.2 cpu%=10.4 mem=204.1 rMiB=0.0 wMiB=0.0 exit=0
disk med  rep=10 rt_ms=2393.9 cpu%=7.0 mem=212.4 rMiB=0.0 wMiB=192.0 exit=0
cpu  low  rep=21 rt_ms=2767.4 cpu%=22.1 mem=11.6 rMiB=0.0 wMiB=0.0 exit=0
mix  high rep=08 rt_ms=6926.2 cpu%=67.8 mem=177.2 rMiB=0.0 wMiB=160.0 exit=0
disk med  rep=08 rt_ms=2403.7 cpu%=6.5 mem=212.4 rMiB=0.0 wMiB=192.0 exit=0
cpu  high rep=16 rt_ms=5543.4 cpu%=61.0 mem=11.5 rMiB=0.0 wMiB=0.8 exit=0
mix  med  rep=13 rt_ms=5033.4 cpu%=56.0 mem=113.4 rMiB=0.0 wMiB=96.0 exit=0
mem  med  rep=09 rt_ms=2387.1 cpu%=10.5 mem=204.0 rMiB=0.0 wMiB=0.0 exit=0
disk med  rep=15 rt_ms=2404.4 cpu%=6.6 mem=210.4 rMiB=0.0 wMiB=192.0 exit=0
mem  low  rep=08 rt_ms=2292.9 cpu%=5.0 mem=75.7 rMiB=0.0 wMiB=0.0 exit=0
cpu  med  rep=10 rt_ms=3826.1 cpu%=44.2 mem=11.6 rMiB=0.0 wMiB=0.0 exit=0
mem  high rep=11 rt_ms=2519.9 cpu%=15.4 mem=332.2 rMiB=0.0 wMiB=0.0 exit=0
mix  med  rep=28 rt_ms=4982.9 cpu%=56.5 mem=111.4 rMiB=0.0 wMiB=96.0 exit=0
cpu  med  rep=00 rt_ms=3866.9 cpu%=44.2 mem=11.6 rMiB=0.0 wMiB=0.0 exit=0
cpu  high rep=06 rt_ms=5574.9 cpu%=60.5 mem=11.6 rMiB=0.0 wMiB=0.8 exit=0
mix  med  rep=20 rt_ms=5030.2 cpu%=56.4 mem=111.6 rMiB=0.0 wMiB=96.0 exit=0
mem  med  rep=14 rt_ms=2386.1 cpu%=10.6 mem=204.0 rMiB=0.0 wMiB=0.0 exit=0
mem  med  rep=11 rt_ms=2395.7 cpu%=10.4 mem=204.0 rMiB=0.0 wMiB=0.0 exit=0
mix  high rep=03 rt_ms=7170.9 cpu%=65.9 mem=179.5 rMiB=0.0 wMiB=160.8 exit=0
mix  low  rep=07 rt_ms=3148.7 cpu%=30.7 mem=45.6 rMiB=0.0 wMiB=32.0 exit=0
disk high rep=09 rt_ms=2475.9 cpu%=9.9 mem=344.4 rMiB=0.0 wMiB=320.0 exit=0
disk high rep=27 rt_ms=2522.4 cpu%=9.8 mem=344.0 rMiB=0.0 wMiB=320.0 exit=0
cpu  low  rep=12 rt_ms=2722.7 cpu%=22.0 mem=11.6 rMiB=0.0 wMiB=0.0 exit=0
disk med  rep=23 rt_ms=2422.2 cpu%=6.8 mem=212.2 rMiB=0.0 wMiB=192.0 exit=0
disk high rep=13 rt_ms=2498.2 cpu%=9.0 mem=344.2 rMiB=0.0 wMiB=320.0 exit=0
cpu  low  rep=25 rt_ms=2709.1 cpu%=21.9 mem=11.7 rMiB=0.0 wMiB=0.0 exit=0
mem  low  rep=04 rt_ms=2293.0 cpu%=5.0 mem=75.6 rMiB=0.0 wMiB=0.0 exit=0
mix  med  rep=00 rt_ms=5045.1 cpu%=55.9 mem=107.8 rMiB=0.0 wMiB=96.0 exit=0
mix  med  rep=19 rt_ms=5134.6 cpu%=55.4 mem=113.4 rMiB=0.0 wMiB=96.0 exit=0
mix  low  rep=00 rt_ms=3103.8 cpu%=31.2 mem=11.7 rMiB=0.0 wMiB=32.0 exit=0
mem  low  rep=02 rt_ms=2314.0 cpu%=4.8 mem=75.7 rMiB=0.0 wMiB=0.0 exit=0
mem  low  rep=19 rt_ms=2299.7 cpu%=5.1 mem=75.7 rMiB=0.0 wMiB=0.0 exit=0
mix  high rep=19 rt_ms=6892.5 cpu%=67.9 mem=179.9 rMiB=0.0 wMiB=160.0 exit=0
mix  low  rep=14 rt_ms=3163.8 cpu%=30.8 mem=45.6 rMiB=0.0 wMiB=32.0 exit=0
cpu  low  rep=23 rt_ms=2716.2 cpu%=22.0 mem=11.5 rMiB=0.0 wMiB=0.0 exit=0
mix  low  rep=11 rt_ms=3151.3 cpu%=31.2 mem=45.5 rMiB=0.0 wMiB=32.0 exit=0
mem  low  rep=27 rt_ms=2317.1 cpu%=5.0 mem=75.7 rMiB=0.0 wMiB=0.0 exit=0
mix  high rep=26 rt_ms=6937.7 cpu%=67.8 mem=177.5 rMiB=0.0 wMiB=160.0 exit=0
disk med  rep=11 rt_ms=2408.2 cpu%=6.8 mem=212.2 rMiB=0.0 wMiB=192.0 exit=0
mix  high rep=23 rt_ms=6962.5 cpu%=67.7 mem=179.5 rMiB=0.0 wMiB=160.0 exit=0
cpu  low  rep=06 rt_ms=2763.6 cpu%=22.0 mem=11.6 rMiB=0.0 wMiB=0.0 exit=0
mix  med  rep=27 rt_ms=5056.2 cpu%=56.7 mem=111.4 rMiB=0.0 wMiB=96.0 exit=0
mix  low  rep=21 rt_ms=3170.9 cpu%=30.8 mem=47.6 rMiB=0.0 wMiB=32.0 exit=0
disk med  rep=21 rt_ms=2423.0 cpu%=6.8 mem=212.4 rMiB=0.0 wMiB=192.0 exit=0
mix  med  rep=10 rt_ms=5073.3 cpu%=56.6 mem=111.4 rMiB=0.0 wMiB=96.0 exit=0
mem  med  rep=25 rt_ms=2377.2 cpu%=10.6 mem=203.9 rMiB=0.0 wMiB=0.0 exit=0
cpu  med  rep=23 rt_ms=3871.8 cpu%=44.4 mem=11.6 rMiB=0.0 wMiB=0.0 exit=0
mix  med  rep=11 rt_ms=5012.3 cpu%=55.9 mem=113.4 rMiB=0.0 wMiB=96.0 exit=0
mem  low  rep=10 rt_ms=2302.0 cpu%=4.9 mem=75.7 rMiB=0.0 wMiB=0.0 exit=0
cpu  low  rep=08 rt_ms=2734.3 cpu%=22.0 mem=11.6 rMiB=0.0 wMiB=0.0 exit=0
cpu  low  rep=27 rt_ms=2718.1 cpu%=21.9 mem=11.5 rMiB=0.0 wMiB=0.0 exit=0
disk low  rep=28 rt_ms=2276.2 cpu%=3.8 mem=80.5 rMiB=0.0 wMiB=64.0 exit=0
cpu  med  rep=06 rt_ms=3852.1 cpu%=44.0 mem=11.5 rMiB=0.0 wMiB=0.0 exit=0
cpu  low  rep=22 rt_ms=2720.2 cpu%=21.7 mem=11.6 rMiB=0.0 wMiB=0.0 exit=0
mix  low  rep=25 rt_ms=3195.9 cpu%=30.5 mem=47.5 rMiB=0.0 wMiB=32.0 exit=0
mix  high rep=29 rt_ms=6897.9 cpu%=67.9 mem=179.3 rMiB=0.0 wMiB=160.0 exit=0
disk high rep=29 rt_ms=2524.2 cpu%=9.6 mem=344.2 rMiB=0.0 wMiB=320.0 exit=0
cpu  med  rep=04 rt_ms=3819.9 cpu%=44.5 mem=11.5 rMiB=0.0 wMiB=0.0 exit=0
mix  low  rep=10 rt_ms=3182.4 cpu%=30.9 mem=45.6 rMiB=0.0 wMiB=32.0 exit=0
mem  low  rep=12 rt_ms=2303.5 cpu%=5.0 mem=75.7 rMiB=0.0 wMiB=0.0 exit=0
mem  med  rep=15 rt_ms=2403.8 cpu%=10.4 mem=204.0 rMiB=0.0 wMiB=0.0 exit=0
mix  med  rep=08 rt_ms=4998.3 cpu%=56.5 mem=111.8 rMiB=0.0 wMiB=96.0 exit=0
disk med  rep=24 rt_ms=2409.4 cpu%=6.6 mem=212.2 rMiB=0.0 wMiB=192.0 exit=0
mix  med  rep=09 rt_ms=5011.0 cpu%=56.6 mem=111.5 rMiB=0.0 wMiB=96.0 exit=0
mem  high rep=10 rt_ms=2503.5 cpu%=15.4 mem=332.3 rMiB=0.0 wMiB=0.0 exit=0
cpu  high rep=27 rt_ms=5569.7 cpu%=61.2 mem=11.6 rMiB=0.0 wMiB=0.8 exit=0
mem  med  rep=06 rt_ms=2410.9 cpu%=10.5 mem=204.0 rMiB=0.0 wMiB=0.0 exit=0
disk med  rep=25 rt_ms=2402.8 cpu%=7.0 mem=212.4 rMiB=0.0 wMiB=192.0 exit=0
cpu  high rep=00 rt_ms=5573.3 cpu%=60.2 mem=11.6 rMiB=0.0 wMiB=0.8 exit=0
mix  med  rep=04 rt_ms=5006.6 cpu%=56.1 mem=113.5 rMiB=0.0 wMiB=96.0 exit=0
disk low  rep=00 rt_ms=2290.5 cpu%=3.7 mem=80.5 rMiB=0.0 wMiB=64.0 exit=0
cpu  low  rep=09 rt_ms=2741.1 cpu%=21.8 mem=11.7 rMiB=0.0 wMiB=0.0 exit=0
mem  high rep=09 rt_ms=2508.7 cpu%=15.3 mem=332.2 rMiB=0.0 wMiB=0.0 exit=0
mix  high rep=07 rt_ms=6979.2 cpu%=67.1 mem=177.4 rMiB=0.0 wMiB=160.0 exit=0
disk low  rep=26 rt_ms=2278.6 cpu%=4.0 mem=80.6 rMiB=0.0 wMiB=64.0 exit=0
mem  high rep=28 rt_ms=2513.7 cpu%=15.5 mem=332.2 rMiB=0.0 wMiB=0.0 exit=0
disk high rep=18 rt_ms=2534.2 cpu%=9.0 mem=344.2 rMiB=0.0 wMiB=320.0 exit=0
cpu  med  rep=03 rt_ms=3815.8 cpu%=44.5 mem=11.6 rMiB=0.0 wMiB=0.0 exit=0
disk low  rep=24 rt_ms=2283.0 cpu%=3.7 mem=80.6 rMiB=0.0 wMiB=64.0 exit=0
mix  high rep=21 rt_ms=6979.4 cpu%=67.3 mem=179.5 rMiB=0.0 wMiB=160.0 exit=0
disk med  rep=07 rt_ms=2405.2 cpu%=6.7 mem=210.2 rMiB=0.0 wMiB=192.0 exit=0
cpu  med  rep=25 rt_ms=3839.6 cpu%=44.5 mem=11.7 rMiB=0.0 wMiB=0.0 exit=0
disk low  rep=06 rt_ms=2287.2 cpu%=3.9 mem=80.6 rMiB=0.0 wMiB=64.0 exit=0
mix  high rep=06 rt_ms=7011.9 cpu%=67.5 mem=179.2 rMiB=0.0 wMiB=160.0 exit=0
mem  low  rep=14 rt_ms=2302.6 cpu%=5.2 mem=75.8 rMiB=0.0 wMiB=0.0 exit=0
disk low  rep=20 rt_ms=2272.9 cpu%=3.8 mem=80.4 rMiB=0.0 wMiB=64.0 exit=0
mem  high rep=07 rt_ms=2499.7 cpu%=15.4 mem=332.1 rMiB=0.0 wMiB=0.0 exit=0
disk low  rep=04 rt_ms=2295.7 cpu%=3.9 mem=70.7 rMiB=0.0 wMiB=64.0 exit=0
mix  med  rep=25 rt_ms=5043.8 cpu%=56.3 mem=111.5 rMiB=0.0 wMiB=96.0 exit=0
disk low  rep=16 rt_ms=2307.0 cpu%=3.8 mem=80.5 rMiB=0.0 wMiB=64.0 exit=0
mem  high rep=20 rt_ms=2510.5 cpu%=15.5 mem=332.3 rMiB=0.0 wMiB=0.0 exit=0
cpu  high rep=24 rt_ms=5525.5 cpu%=60.5 mem=11.5 rMiB=0.0 wMiB=0.8 exit=0
mix  low  rep=29 rt_ms=3201.5 cpu%=30.6 mem=47.5 rMiB=0.0 wMiB=32.0 exit=0
mix  low  rep=22 rt_ms=3188.7 cpu%=30.7 mem=45.6 rMiB=0.0 wMiB=32.0 exit=0
disk low  rep=07 rt_ms=2258.3 cpu%=4.1 mem=80.6 rMiB=0.0 wMiB=64.0 exit=0
mix  low  rep=03 rt_ms=3183.0 cpu%=30.5 mem=47.6 rMiB=0.0 wMiB=32.0 exit=0
mix  med  rep=16 rt_ms=5039.6 cpu%=56.2 mem=111.5 rMiB=0.0 wMiB=96.0 exit=0
