.venv/bin/python runner/run_experiment.py
cpu  low  rep=02 rt_ms=2767.9 cpu%=21.5 mem=11.7 rMiB=0.0 wMiB=0.0 exit=0
mem  med  rep=26 rt_ms=2449.1 cpu%=11.1 mem=204.1 rMiB=0.0 wMiB=0.0 exit=0
cpu  high rep=03 rt_ms=5482.4 cpu%=60.6 mem=11.7 rMiB=0.0 wMiB=0.8 exit=0
mix  low  rep=17 rt_ms=3179.5 cpu%=30.4 mem=47.5 rMiB=0.0 wMiB=32.0 exit=0
disk high rep=21 rt_ms=2697.8 cpu%=9.2 mem=344.0 rMiB=0.0 wMiB=320.8 exit=0
cpu  high rep=05 rt_ms=5513.2 cpu%=60.4 mem=11.6 rMiB=0.0 wMiB=0.8 exit=0
cpu  med  rep=15 rt_ms=3971.7 cpu%=44.2 mem=11.5 rMiB=0.0 wMiB=0.0 exit=0
disk med  rep=18 rt_ms=2432.0 cpu%=6.7 mem=212.4 rMiB=0.0 wMiB=192.0 exit=0
mix  low  rep=19 rt_ms=3189.8 cpu%=30.2 mem=47.5 rMiB=0.0 wMiB=32.0 exit=0
disk low  rep=12 rt_ms=2278.8 cpu%=4.0 mem=80.5 rMiB=0.0 wMiB=64.0 exit=0
mem  low  rep=17 rt_ms=2269.2 cpu%=5.5 mem=75.8 rMiB=0.0 wMiB=0.0 exit=0
cpu  high rep=28 rt_ms=5587.4 cpu%=60.0 mem=11.6 rMiB=0.0 wMiB=0.8 exit=0
mem  high rep=00 rt_ms=2535.5 cpu%=15.7 mem=332.1 rMiB=0.0 wMiB=0.0 exit=0
mix  high rep=13 rt_ms=7595.8 cpu%=70.6 mem=177.5 rMiB=0.0 wMiB=160.8 exit=0
mix  high rep=15 rt_ms=7308.8 cpu%=68.6 mem=179.5 rMiB=0.0 wMiB=160.0 exit=0
cpu  low  rep=18 rt_ms=2886.5 cpu%=23.2 mem=11.6 rMiB=0.0 wMiB=0.0 exit=0
cpu  high rep=21 rt_ms=5694.0 cpu%=61.1 mem=11.6 rMiB=0.0 wMiB=0.8 exit=0
mix  high rep=17 rt_ms=7011.8 cpu%=67.7 mem=177.3 rMiB=0.0 wMiB=160.0 exit=0
cpu  high rep=29 rt_ms=5618.9 cpu%=60.8 mem=11.7 rMiB=0.0 wMiB=0.8 exit=0
cpu  low  rep=15 rt_ms=2889.5 cpu%=22.4 mem=11.5 rMiB=0.0 wMiB=0.0 exit=0
disk high rep=22 rt_ms=2536.7 cpu%=9.3 mem=344.0 rMiB=0.0 wMiB=320.0 exit=0
mem  med  rep=20 rt_ms=2432.3 cpu%=10.7 mem=203.9 rMiB=0.0 wMiB=0.0 exit=0
mix  med  rep=22 rt_ms=5448.6 cpu%=58.2 mem=107.8 rMiB=0.0 wMiB=96.8 exit=0
mem  low  rep=25 rt_ms=2331.4 cpu%=5.2 mem=75.7 rMiB=0.0 wMiB=0.0 exit=0
mix  med  rep=18 rt_ms=5063.1 cpu%=56.5 mem=107.7 rMiB=0.0 wMiB=96.0 exit=0
cpu  high rep=26 rt_ms=5606.1 cpu%=61.3 mem=11.6 rMiB=0.0 wMiB=0.8 exit=0
disk low  rep=13 rt_ms=2349.5 cpu%=4.0 mem=80.6 rMiB=0.0 wMiB=64.0 exit=0
mix  high rep=18 rt_ms=7273.1 cpu%=67.8 mem=177.4 rMiB=0.0 wMiB=160.0 exit=0
mem  high rep=15 rt_ms=2589.8 cpu%=15.9 mem=332.2 rMiB=0.0 wMiB=0.0 exit=0
cpu  low  rep=16 rt_ms=2740.9 cpu%=21.9 mem=11.6 rMiB=0.0 wMiB=0.0 exit=0
mem  high rep=16 rt_ms=2542.7 cpu%=15.8 mem=332.2 rMiB=0.0 wMiB=0.0 exit=0
disk high rep=10 rt_ms=2567.7 cpu%=9.9 mem=344.2 rMiB=0.0 wMiB=320.0 exit=0
mem  high rep=19 rt_ms=2573.1 cpu%=15.4 mem=332.3 rMiB=0.0 wMiB=0.0 exit=0
mix  med  rep=21 rt_ms=5205.7 cpu%=55.8 mem=107.8 rMiB=0.0 wMiB=96.0 exit=0
mem  high rep=05 rt_ms=2552.5 cpu%=15.8 mem=332.2 rMiB=0.0 wMiB=0.0 exit=0
cpu  med  rep=02 rt_ms=4200.4 cpu%=47.2 mem=11.6 rMiB=0.0 wMiB=0.0 exit=0
mem  low  rep=20 rt_ms=2318.7 cpu%=5.3 mem=75.9 rMiB=0.0 wMiB=0.0 exit=0
mem  med  rep=24 rt_ms=2442.0 cpu%=11.4 mem=204.0 rMiB=0.0 wMiB=0.0 exit=0
mem  med  rep=04 rt_ms=2430.6 cpu%=11.4 mem=204.0 rMiB=0.0 wMiB=0.0 exit=0
disk med  rep=28 rt_ms=2405.4 cpu%=7.9 mem=212.4 rMiB=0.0 wMiB=192.0 exit=0
mix  med  rep=29 rt_ms=5233.8 cpu%=57.8 mem=111.4 rMiB=0.0 wMiB=96.0 exit=0
mix  high rep=10 rt_ms=8129.3 cpu%=71.6 mem=179.5 rMiB=0.0 wMiB=160.8 exit=0
disk med  rep=17 rt_ms=2439.3 cpu%=8.4 mem=212.4 rMiB=0.0 wMiB=192.0 exit=0
mix  med  rep=23 rt_ms=5882.2 cpu%=60.5 mem=111.4 rMiB=0.0 wMiB=96.0 exit=0
mix  med  rep=24 rt_ms=5255.7 cpu%=57.6 mem=107.9 rMiB=0.0 wMiB=96.0 exit=0
cpu  high rep=01 rt_ms=5823.9 cpu%=61.5 mem=11.7 rMiB=0.0 wMiB=0.8 exit=0
cpu  med  rep=28 rt_ms=3945.0 cpu%=45.7 mem=11.7 rMiB=0.0 wMiB=0.0 exit=0
cpu  high rep=08 rt_ms=5758.2 cpu%=61.7 mem=11.6 rMiB=0.0 wMiB=0.8 exit=0
mix  low  rep=15 rt_ms=3197.9 cpu%=31.1 mem=41.8 rMiB=0.0 wMiB=32.0 exit=0
cpu  high rep=12 rt_ms=5637.0 cpu%=61.4 mem=11.5 rMiB=0.0 wMiB=0.8 exit=0
mem  high rep=08 rt_ms=2534.1 cpu%=16.0 mem=332.3 rMiB=0.0 wMiB=0.0 exit=0
mix  low  rep=23 rt_ms=3203.5 cpu%=31.0 mem=45.4 rMiB=0.0 wMiB=32.0 exit=0
disk med  rep=04 rt_ms=2400.7 cpu%=6.4 mem=212.4 rMiB=0.0 wMiB=192.0 exit=0
disk high rep=00 rt_ms=2542.8 cpu%=9.4 mem=344.0 rMiB=0.0 wMiB=320.0 exit=0
mix  low  rep=06 rt_ms=3178.2 cpu%=31.1 mem=45.6 rMiB=0.0 wMiB=32.0 exit=0
mem  med  rep=17 rt_ms=2442.0 cpu%=10.3 mem=204.0 rMiB=0.0 wMiB=0.0 exit=0
mem  med  rep=10 rt_ms=2430.0 cpu%=10.3 mem=204.0 rMiB=0.0 wMiB=0.0 exit=0
disk low  rep=18 rt_ms=2299.4 cpu%=3.7 mem=74.7 rMiB=0.0 wMiB=64.0 exit=0
mix  med  rep=05 rt_ms=5032.8 cpu%=56.0 mem=113.5 rMiB=0.0 wMiB=96.0 exit=0
mix  low  rep=26 rt_ms=3181.2 cpu%=31.4 mem=11.8 rMiB=0.0 wMiB=32.0 exit=0
mix  low  rep=27 rt_ms=3174.9 cpu%=30.9 mem=45.4 rMiB=0.0 wMiB=32.0 exit=0
mem  low  rep=15 rt_ms=2265.3 cpu%=4.9 mem=75.8 rMiB=0.0 wMiB=0.0 exit=0
cpu  med  rep=22 rt_ms=3955.4 cpu%=43.8 mem=11.7 rMiB=0.0 wMiB=0.0 exit=0
mem  med  rep=13 rt_ms=2428.8 cpu%=12.0 mem=203.9 rMiB=0.0 wMiB=0.0 exit=0
disk high rep=03 rt_ms=2705.6 cpu%=9.6 mem=344.2 rMiB=0.0 wMiB=320.8 exit=0
mem  low  rep=03 rt_ms=2325.0 cpu%=5.3 mem=75.7 rMiB=0.0 wMiB=0.0 exit=0
cpu  low  rep=01 rt_ms=2740.3 cpu%=21.7 mem=11.6 rMiB=0.0 wMiB=0.0 exit=0
mem  med  rep=22 rt_ms=2435.2 cpu%=10.8 mem=203.9 rMiB=0.0 wMiB=0.0 exit=0
disk med  rep=27 rt_ms=2420.7 cpu%=7.3 mem=212.4 rMiB=0.0 wMiB=192.0 exit=0
cpu  med  rep=17 rt_ms=3872.9 cpu%=44.4 mem=11.6 rMiB=0.0 wMiB=0.0 exit=0
mem  high rep=21 rt_ms=2559.6 cpu%=15.7 mem=332.1 rMiB=0.0 wMiB=0.0 exit=0
disk high rep=23 rt_ms=2548.0 cpu%=10.6 mem=344.1 rMiB=0.0 wMiB=320.0 exit=0
disk high rep=20 rt_ms=2503.9 cpu%=10.0 mem=344.0 rMiB=0.0 wMiB=320.0 exit=0
mix  high rep=00 rt_ms=7136.3 cpu%=68.7 mem=179.5 rMiB=0.0 wMiB=160.0 exit=0
cpu  low  rep=19 rt_ms=2750.3 cpu%=22.3 mem=11.7 rMiB=0.0 wMiB=0.0 exit=0
disk low  rep=29 rt_ms=2330.7 cpu%=3.7 mem=80.5 rMiB=0.0 wMiB=64.0 exit=0
cpu  high rep=11 rt_ms=5561.4 cpu%=61.5 mem=11.6 rMiB=0.0 wMiB=0.8 exit=0
mix  low  rep=12 rt_ms=3199.6 cpu%=31.1 mem=11.7 rMiB=0.0 wMiB=32.0 exit=0
disk high rep=15 rt_ms=2551.8 cpu%=10.0 mem=344.2 rMiB=0.0 wMiB=320.0 exit=0
mem  high rep=25 rt_ms=2545.4 cpu%=15.4 mem=332.4 rMiB=0.0 wMiB=0.0 exit=0
cpu  low  rep=14 rt_ms=2778.3 cpu%=22.0 mem=11.5 rMiB=0.0 wMiB=0.0 exit=0
mem  low  rep=11 rt_ms=2408.8 cpu%=8.3 mem=11.6 rMiB=0.0 wMiB=0.0 exit=0
cpu  high rep=09 rt_ms=5857.6 cpu%=62.0 mem=11.6 rMiB=0.0 wMiB=0.8 exit=0
mem  low  rep=18 rt_ms=2304.5 cpu%=6.1 mem=75.6 rMiB=0.0 wMiB=0.0 exit=0
mem  med  rep=02 rt_ms=2502.7 cpu%=11.4 mem=204.1 rMiB=0.0 wMiB=0.0 exit=0
disk low  rep=08 rt_ms=2282.8 cpu%=4.7 mem=80.5 rMiB=0.0 wMiB=64.0 exit=0
mem  high rep=04 rt_ms=2518.0 cpu%=15.6 mem=332.2 rMiB=0.0 wMiB=0.0 exit=0
cpu  med  rep=18 rt_ms=3877.3 cpu%=44.8 mem=11.7 rMiB=0.0 wMiB=0.0 exit=0
cpu  high rep=14 rt_ms=5569.2 cpu%=61.3 mem=11.7 rMiB=0.0 wMiB=0.8 exit=0
disk high rep=06 rt_ms=2532.4 cpu%=9.6 mem=344.2 rMiB=0.0 wMiB=320.0 exit=0
cpu  med  rep=16 rt_ms=3821.1 cpu%=44.3 mem=11.6 rMiB=0.0 wMiB=0.0 exit=0
cpu  low  rep=17 rt_ms=2720.4 cpu%=21.9 mem=11.6 rMiB=0.0 wMiB=0.0 exit=0
disk high rep=05 rt_ms=2539.4 cpu%=9.4 mem=344.2 rMiB=0.0 wMiB=320.0 exit=0
cpu  high rep=23 rt_ms=5604.8 cpu%=60.0 mem=11.7 rMiB=0.0 wMiB=0.8 exit=0
mix  med  rep=12 rt_ms=5080.8 cpu%=55.1 mem=113.5 rMiB=0.0 wMiB=96.0 exit=0
mem  high rep=26 rt_ms=2530.2 cpu%=15.5 mem=332.1 rMiB=0.0 wMiB=0.0 exit=0
mem  high rep=29 rt_ms=2515.0 cpu%=15.7 mem=332.3 rMiB=0.0 wMiB=0.0 exit=0
mem  med  rep=01 rt_ms=2435.0 cpu%=10.4 mem=203.9 rMiB=0.0 wMiB=0.0 exit=0
mem  low  rep=05 rt_ms=2325.2 cpu%=5.0 mem=75.7 rMiB=0.0 wMiB=0.0 exit=0
disk high rep=01 rt_ms=2539.6 cpu%=9.0 mem=344.2 rMiB=0.0 wMiB=320.0 exit=0
cpu  med  rep=29 rt_ms=3848.2 cpu%=43.8 mem=11.6 rMiB=0.0 wMiB=0.0 exit=0
mem  low  rep=24 rt_ms=2308.0 cpu%=5.0 mem=75.8 rMiB=0.0 wMiB=0.0 exit=0
cpu  med  rep=12 rt_ms=3817.0 cpu%=44.1 mem=11.5 rMiB=0.0 wMiB=0.0 exit=0
mix  med  rep=26 rt_ms=5245.5 cpu%=56.2 mem=111.4 rMiB=0.0 wMiB=96.0 exit=0
mix  high rep=12 rt_ms=7207.0 cpu%=67.4 mem=177.4 rMiB=0.0 wMiB=160.0 exit=0
mem  med  rep=29 rt_ms=2439.2 cpu%=10.6 mem=204.1 rMiB=0.0 wMiB=0.0 exit=0
mem  high rep=22 rt_ms=2608.0 cpu%=15.1 mem=332.3 rMiB=0.0 wMiB=0.0 exit=0
mix  high rep=14 rt_ms=6970.2 cpu%=67.8 mem=177.4 rMiB=0.0 wMiB=160.0 exit=0
disk med  rep=09 rt_ms=2467.1 cpu%=6.9 mem=212.2 rMiB=0.0 wMiB=192.0 exit=0
cpu  med  rep=01 rt_ms=3871.6 cpu%=44.3 mem=11.7 rMiB=0.0 wMiB=0.0 exit=0
disk high rep=28 rt_ms=2590.2 cpu%=9.8 mem=344.0 rMiB=0.0 wMiB=320.0 exit=0
cpu  high rep=13 rt_ms=5752.7 cpu%=61.9 mem=11.6 rMiB=0.0 wMiB=0.8 exit=0
cpu  med  rep=21 rt_ms=3907.2 cpu%=44.4 mem=11.6 rMiB=0.0 wMiB=0.0 exit=0
mix  med  rep=01 rt_ms=5069.4 cpu%=56.8 mem=111.5 rMiB=0.0 wMiB=96.0 exit=0
disk low  rep=21 rt_ms=2303.1 cpu%=3.7 mem=80.5 rMiB=0.0 wMiB=64.0 exit=0
mix  low  rep=01 rt_ms=3167.4 cpu%=31.0 mem=45.6 rMiB=0.0 wMiB=32.0 exit=0
disk med  rep=01 rt_ms=2446.7 cpu%=6.6 mem=212.4 rMiB=0.0 wMiB=192.0 exit=0
disk high rep=14 rt_ms=2570.5 cpu%=10.6 mem=344.0 rMiB=0.0 wMiB=320.0 exit=0
mix  low  rep=18 rt_ms=3114.5 cpu%=31.8 mem=16.4 rMiB=0.0 wMiB=32.0 exit=0
mix  high rep=27 rt_ms=7107.5 cpu%=67.8 mem=179.4 rMiB=0.0 wMiB=160.8 exit=0
mem  med  rep=08 rt_ms=2461.2 cpu%=10.6 mem=204.0 rMiB=0.0 wMiB=0.0 exit=0
cpu  low  rep=24 rt_ms=2837.3 cpu%=22.4 mem=11.7 rMiB=0.0 wMiB=0.0 exit=0
mem  med  rep=12 rt_ms=2461.7 cpu%=10.4 mem=204.0 rMiB=0.0 wMiB=0.0 exit=0
mem  high rep=24 rt_ms=2525.0 cpu%=15.7 mem=332.3 rMiB=0.0 wMiB=0.0 exit=0
disk med  rep=16 rt_ms=2421.8 cpu%=7.0 mem=212.4 rMiB=0.0 wMiB=192.0 exit=0
mix  med  rep=17 rt_ms=5065.2 cpu%=56.9 mem=111.5 rMiB=0.0 wMiB=96.0 exit=0
mem  low  rep=26 rt_ms=2315.0 cpu%=5.2 mem=75.6 rMiB=0.0 wMiB=0.0 exit=0
cpu  low  rep=03 rt_ms=2743.9 cpu%=21.7 mem=11.6 rMiB=0.0 wMiB=0.0 exit=0
disk med  rep=12 rt_ms=2408.1 cpu%=6.7 mem=212.4 rMiB=0.0 wMiB=192.0 exit=0
cpu  med  rep=13 rt_ms=4066.2 cpu%=45.4 mem=11.6 rMiB=0.0 wMiB=0.0 exit=0
mix  high rep=02 rt_ms=7442.1 cpu%=67.3 mem=179.5 rMiB=0.0 wMiB=160.8 exit=0
mem  low  rep=00 rt_ms=2311.8 cpu%=5.4 mem=75.7 rMiB=0.0 wMiB=0.0 exit=0
disk high rep=02 rt_ms=2550.1 cpu%=10.6 mem=344.2 rMiB=0.0 wMiB=320.0 exit=0
mix  med  rep=03 rt_ms=5161.3 cpu%=57.2 mem=113.4 rMiB=0.0 wMiB=96.0 exit=0
disk med  rep=00 rt_ms=2397.4 cpu%=6.9 mem=212.4 rMiB=0.0 wMiB=192.0 exit=0
mix  med  rep=06 rt_ms=5065.7 cpu%=57.0 mem=107.8 rMiB=0.0 wMiB=96.0 exit=0
mix  med  rep=14 rt_ms=5149.8 cpu%=56.4 mem=113.4 rMiB=0.0 wMiB=96.0 exit=0
mem  low  rep=28 rt_ms=2310.6 cpu%=5.0 mem=75.6 rMiB=0.0 wMiB=0.0 exit=0
mix  high rep=11 rt_ms=6872.9 cpu%=68.4 mem=177.4 rMiB=0.0 wMiB=160.0 exit=0
disk high rep=24 rt_ms=2501.7 cpu%=9.4 mem=344.2 rMiB=0.0 wMiB=320.0 exit=0
mix  high rep=16 rt_ms=7195.8 cpu%=68.4 mem=179.2 rMiB=0.0 wMiB=160.0 exit=0
mix  high rep=09 rt_ms=7069.8 cpu%=68.9 mem=179.5 rMiB=0.0 wMiB=160.0 exit=0
cpu  med  rep=11 rt_ms=4072.6 cpu%=45.4 mem=12.0 rMiB=0.0 wMiB=0.0 exit=0
disk med  rep=06 rt_ms=2440.9 cpu%=6.7 mem=212.4 rMiB=0.0 wMiB=192.0 exit=0
cpu  med  rep=14 rt_ms=4455.4 cpu%=50.9 mem=11.6 rMiB=0.0 wMiB=0.0 exit=0
cpu  low  rep=05 rt_ms=2913.2 cpu%=22.4 mem=11.6 rMiB=0.0 wMiB=0.0 exit=0
disk low  rep=10 rt_ms=2313.0 cpu%=4.4 mem=80.4 rMiB=0.0 wMiB=64.0 exit=0
mem  high rep=17 rt_ms=2531.7 cpu%=16.2 mem=332.2 rMiB=0.0 wMiB=0.0 exit=0
cpu  low  rep=20 rt_ms=2731.0 cpu%=22.5 mem=11.5 rMiB=0.0 wMiB=0.0 exit=0
mem  low  rep=29 rt_ms=2294.9 cpu%=5.0 mem=75.7 rMiB=0.0 wMiB=0.0 exit=0
cpu  med  rep=07 rt_ms=3901.6 cpu%=44.3 mem=11.7 rMiB=0.0 wMiB=0.0 exit=0
cpu  med  rep=08 rt_ms=4004.1 cpu%=46.2 mem=11.7 rMiB=0.0 wMiB=0.0 exit=0
cpu  low  rep=04 rt_ms=2852.2 cpu%=22.3 mem=11.7 rMiB=0.0 wMiB=0.0 exit=0
cpu  high rep=15 rt_ms=5696.7 cpu%=61.5 mem=11.7 rMiB=0.0 wMiB=0.8 exit=0
mem  med  rep=07 rt_ms=2426.1 cpu%=10.3 mem=204.0 rMiB=0.0 wMiB=0.0 exit=0
mem  med  rep=23 rt_ms=2401.1 cpu%=10.6 mem=204.0 rMiB=0.0 wMiB=0.0 exit=0
cpu  low  rep=11 rt_ms=2725.7 cpu%=22.3 mem=11.6 rMiB=0.0 wMiB=0.0 exit=0
mem  high rep=01 rt_ms=2527.1 cpu%=15.2 mem=332.2 rMiB=0.0 wMiB=0.0 exit=0
disk med  rep=13 rt_ms=2426.0 cpu%=7.5 mem=212.4 rMiB=0.0 wMiB=192.0 exit=0
cpu  med  rep=09 rt_ms=3877.3 cpu%=44.2 mem=11.7 rMiB=0.0 wMiB=0.0 exit=0
cpu  low  rep=26 rt_ms=2728.4 cpu%=22.1 mem=11.7 rMiB=0.0 wMiB=0.0 exit=0
disk low  rep=09 rt_ms=2296.3 cpu%=3.8 mem=80.5 rMiB=0.0 wMiB=64.0 exit=0
disk low  rep=05 rt_ms=2325.8 cpu%=3.8 mem=80.7 rMiB=0.0 wMiB=64.0 exit=0
mix  high rep=24 rt_ms=7233.6 cpu%=65.4 mem=177.5 rMiB=0.0 wMiB=160.8 exit=0
mem  med  rep=16 rt_ms=2435.4 cpu%=10.4 mem=203.9 rMiB=0.0 wMiB=0.0 exit=0
disk low  rep=27 rt_ms=2318.9 cpu%=3.8 mem=80.4 rMiB=0.0 wMiB=64.0 exit=0
disk high rep=08 rt_ms=2540.2 cpu%=9.6 mem=344.0 rMiB=0.0 wMiB=320.0 exit=0
mix  high rep=20 rt_ms=7229.9 cpu%=67.9 mem=179.5 rMiB=0.0 wMiB=160.0 exit=0
cpu  low  rep=13 rt_ms=2826.1 cpu%=21.6 mem=11.6 rMiB=0.0 wMiB=0.0 exit=0
cpu  high rep=17 rt_ms=5847.0 cpu%=62.5 mem=11.9 rMiB=0.0 wMiB=0.8 exit=0
cpu  high rep=02 rt_ms=5575.8 cpu%=61.8 mem=11.5 rMiB=0.0 wMiB=0.8 exit=0
mix  med  rep=02 rt_ms=5261.7 cpu%=57.2 mem=111.4 rMiB=0.0 wMiB=96.0 exit=0
cpu  low  rep=29 rt_ms=2813.4 cpu%=22.5 mem=11.6 rMiB=0.0 wMiB=0.0 exit=0
mem  low  rep=23 rt_ms=2331.5 cpu%=5.0 mem=75.7 rMiB=0.0 wMiB=0.0 exit=0
mem  high rep=13 rt_ms=2552.5 cpu%=15.2 mem=332.3 rMiB=0.0 wMiB=0.0 exit=0
cpu  med  rep=20 rt_ms=3930.4 cpu%=44.3 mem=11.5 rMiB=0.0 wMiB=0.0 exit=0
mem  low  rep=06 rt_ms=2294.8 cpu%=5.2 mem=75.7 rMiB=0.0 wMiB=0.0 exit=0
disk low  rep=23 rt_ms=2311.1 cpu%=3.7 mem=80.4 rMiB=0.0 wMiB=64.0 exit=0
mix  low  rep=20 rt_ms=3179.3 cpu%=31.3 mem=15.5 rMiB=0.0 wMiB=32.0 exit=0
mix  high rep=04 rt_ms=7019.2 cpu%=67.7 mem=179.5 rMiB=0.0 wMiB=160.0 exit=0
disk high rep=17 rt_ms=2547.9 cpu%=9.1 mem=344.0 rMiB=0.0 wMiB=320.0 exit=0
mem  low  rep=09 rt_ms=2318.9 cpu%=5.0 mem=75.7 rMiB=0.0 wMiB=0.0 exit=0
mem  high rep=02 rt_ms=2515.9 cpu%=15.6 mem=332.1 rMiB=0.0 wMiB=0.0 exit=0
mix  low  rep=09 rt_ms=3182.6 cpu%=30.9 mem=25.1 rMiB=0.0 wMiB=32.0 exit=0
mem  med  rep=05 rt_ms=2424.8 cpu%=10.2 mem=204.0 rMiB=0.0 wMiB=0.0 exit=0
disk low  rep=17 rt_ms=2334.2 cpu%=3.8 mem=80.5 rMiB=0.0 wMiB=64.0 exit=0
mix  high rep=22 rt_ms=6906.4 cpu%=67.8 mem=178.4 rMiB=0.0 wMiB=160.0 exit=0
mix  low  rep=05 rt_ms=3191.5 cpu%=30.3 mem=47.5 rMiB=0.0 wMiB=32.0 exit=0
cpu  low  rep=00 rt_ms=2725.5 cpu%=22.0 mem=11.6 rMiB=0.0 wMiB=0.0 exit=0
disk high rep=19 rt_ms=2525.0 cpu%=9.4 mem=344.2 rMiB=0.0 wMiB=320.0 exit=0
mix  high rep=25 rt_ms=6990.1 cpu%=67.2 mem=177.3 rMiB=0.0 wMiB=160.0 exit=0
disk high rep=25 rt_ms=2521.0 cpu%=9.3 mem=344.2 rMiB=0.0 wMiB=320.0 exit=0
disk low  rep=01 rt_ms=2301.4 cpu%=3.5 mem=25.5 rMiB=0.0 wMiB=64.0 exit=0
mix  low  rep=02 rt_ms=3184.4 cpu%=30.7 mem=45.5 rMiB=0.0 wMiB=32.0 exit=0
mix  high rep=01 rt_ms=6994.4 cpu%=67.0 mem=177.4 rMiB=0.0 wMiB=160.0 exit=0
disk low  rep=11 rt_ms=2334.0 cpu%=3.7 mem=80.5 rMiB=0.0 wMiB=64.0 exit=0
disk med  rep=02 rt_ms=2356.6 cpu%=7.1 mem=212.2 rMiB=0.0 wMiB=192.0 exit=0
cpu  high rep=10 rt_ms=5723.2 cpu%=60.3 mem=11.6 rMiB=0.0 wMiB=0.8 exit=0
disk med  rep=14 rt_ms=2508.1 cpu%=10.7 mem=210.4 rMiB=0.0 wMiB=192.0 exit=0
mix  med  rep=15 rt_ms=5181.1 cpu%=57.0 mem=111.6 rMiB=0.0 wMiB=96.0 exit=0
disk low  rep=22 rt_ms=2334.2 cpu%=4.0 mem=80.4 rMiB=0.0 wMiB=64.0 exit=0
mem  high rep=12 rt_ms=2542.0 cpu%=15.2 mem=332.1 rMiB=0.0 wMiB=0.0 exit=0
mem  low  rep=07 rt_ms=2333.5 cpu%=4.8 mem=75.8 rMiB=0.0 wMiB=0.0 exit=0
mem  med  rep=28 rt_ms=2432.9 cpu%=10.3 mem=203.9 rMiB=0.0 wMiB=0.0 exit=0
mem  low  rep=22 rt_ms=2312.9 cpu%=5.0 mem=75.7 rMiB=0.0 wMiB=0.0 exit=0
disk med  rep=03 rt_ms=2410.6 cpu%=6.8 mem=212.4 rMiB=0.0 wMiB=192.0 exit=0
cpu  med  rep=27 rt_ms=3852.5 cpu%=44.2 mem=11.6 rMiB=0.0 wMiB=0.0 exit=0
mem  low  rep=01 rt_ms=2272.3 cpu%=5.1 mem=75.7 rMiB=0.0 wMiB=0.0 exit=0
mem  low  rep=13 rt_ms=2326.8 cpu%=5.0 mem=75.7 rMiB=0.0 wMiB=0.0 exit=0
disk low  rep=19 rt_ms=2308.0 cpu%=3.9 mem=80.5 rMiB=0.0 wMiB=64.0 exit=0
cpu  high rep=20 rt_ms=5538.9 cpu%=60.7 mem=11.5 rMiB=0.0 wMiB=0.8 exit=0
mem  med  rep=19 rt_ms=2472.9 cpu%=10.5 mem=204.0 rMiB=0.0 wMiB=0.0 exit=0
disk med  rep=20 rt_ms=2425.3 cpu%=7.5 mem=212.4 rMiB=0.0 wMiB=192.0 exit=0
cpu  high rep=18 rt_ms=5668.5 cpu%=60.9 mem=11.6 rMiB=0.0 wMiB=0.8 exit=0
mem  low  rep=21 rt_ms=2339.3 cpu%=5.0 mem=75.7 rMiB=0.0 wMiB=0.0 exit=0
disk high rep=12 rt_ms=2537.0 cpu%=9.7 mem=344.0 rMiB=0.0 wMiB=320.0 exit=0
disk med  rep=22 rt_ms=2432.9 cpu%=6.7 mem=210.2 rMiB=0.0 wMiB=192.0 exit=0
disk high rep=11 rt_ms=2670.4 cpu%=13.0 mem=344.2 rMiB=0.0 wMiB=320.0 exit=0
mem  med  rep=18 rt_ms=2537.9 cpu%=13.2 mem=204.0 rMiB=0.0 wMiB=0.0 exit=0
cpu  low  rep=07 rt_ms=2805.4 cpu%=22.1 mem=11.6 rMiB=0.0 wMiB=0.0 exit=0
cpu  low  rep=10 rt_ms=2738.0 cpu%=22.0 mem=11.5 rMiB=0.0 wMiB=0.0 exit=0
cpu  high rep=22 rt_ms=5643.1 cpu%=61.7 mem=11.7 rMiB=0.0 wMiB=0.8 exit=0
mix  low  rep=04 rt_ms=3206.7 cpu%=30.4 mem=47.5 rMiB=0.0 wMiB=32.0 exit=0
disk high rep=26 rt_ms=2538.4 cpu%=9.6 mem=344.2 rMiB=0.0 wMiB=320.0 exit=0
disk med  rep=19 rt_ms=2395.4 cpu%=6.9 mem=212.4 rMiB=0.0 wMiB=192.0 exit=0
mem  med  rep=00 rt_ms=2433.8 cpu%=10.4 mem=203.9 rMiB=0.0 wMiB=0.0 exit=0
mix  low  rep=13 rt_ms=3187.4 cpu%=30.2 mem=47.5 rMiB=0.0 wMiB=32.0 exit=0
disk med  rep=29 rt_ms=2407.4 cpu%=7.0 mem=212.4 rMiB=0.0 wMiB=192.0 exit=0
disk high rep=16 rt_ms=2542.8 cpu%=9.7 mem=344.2 rMiB=0.0 wMiB=320.0 exit=0
mix  low  rep=16 rt_ms=3158.2 cpu%=31.2 mem=45.6 rMiB=0.0 wMiB=32.0 exit=0
disk low  rep=15 rt_ms=2317.0 cpu%=3.7 mem=24.3 rMiB=0.0 wMiB=64.0 exit=0
disk low  rep=25 rt_ms=2328.7 cpu%=3.9 mem=80.5 rMiB=0.0 wMiB=64.0 exit=0
disk high rep=07 rt_ms=2561.1 cpu%=9.5 mem=344.5 rMiB=0.0 wMiB=320.0 exit=0
mix  high rep=05 rt_ms=6893.0 cpu%=67.0 mem=179.5 rMiB=0.0 wMiB=160.0 exit=0
disk high rep=04 rt_ms=2553.1 cpu%=9.4 mem=344.2 rMiB=0.0 wMiB=320.0 exit=0
cpu  high rep=25 rt_ms=5502.7 cpu%=61.0 mem=11.5 rMiB=0.0 wMiB=0.8 exit=0
disk med  rep=05 rt_ms=2366.1 cpu%=6.8 mem=210.4 rMiB=0.0 wMiB=192.0 exit=0
disk low  rep=02 rt_ms=2310.4 cpu%=4.1 mem=80.6 rMiB=0.0 wMiB=64.0 exit=0
cpu  med  rep=26 rt_ms=3970.8 cpu%=43.8 mem=11.5 rMiB=0.0 wMiB=0.0 exit=0
mix  high rep=28 rt_ms=7175.7 cpu%=68.2 mem=177.4 rMiB=0.0 wMiB=160.0 exit=0
cpu  high rep=04 rt_ms=5617.3 cpu%=61.7 mem=11.7 rMiB=0.0 wMiB=0.8 exit=0
mem  med  rep=21 rt_ms=2430.0 cpu%=10.4 mem=204.0 rMiB=0.0 wMiB=0.0 exit=0
mix  low  rep=24 rt_ms=3186.7 cpu%=31.3 mem=19.5 rMiB=0.0 wMiB=32.0 exit=0
mem  high rep=06 rt_ms=2579.1 cpu%=15.7 mem=332.4 rMiB=0.0 wMiB=0.0 exit=0
mix  med  rep=07 rt_ms=5152.4 cpu%=56.8 mem=113.6 rMiB=0.0 wMiB=96.0 exit=0
mem  med  rep=03 rt_ms=2551.3 cpu%=12.3 mem=204.0 rMiB=0.0 wMiB=0.0 exit=0
mix  low  rep=08 rt_ms=3309.1 cpu%=32.0 mem=43.6 rMiB=0.0 wMiB=32.0 exit=0
cpu  med  rep=19 rt_ms=3937.1 cpu%=44.8 mem=11.6 rMiB=0.0 wMiB=0.0 exit=0
cpu  med  rep=24 rt_ms=3978.9 cpu%=44.4 mem=11.7 rMiB=0.0 wMiB=0.0 exit=0
disk low  rep=03 rt_ms=2321.8 cpu%=4.0 mem=80.5 rMiB=0.0 wMiB=64.0 exit=0
cpu  high rep=07 rt_ms=5592.7 cpu%=61.0 mem=11.6 rMiB=0.0 wMiB=0.8 exit=0
mem  high rep=03 rt_ms=2510.1 cpu%=15.5 mem=332.2 rMiB=0.0 wMiB=0.0 exit=0
mem  high rep=14 rt_ms=2548.1 cpu%=15.4 mem=332.1 rMiB=0.0 wMiB=0.0 exit=0
mem  high rep=23 rt_ms=2526.3 cpu%=15.8 mem=332.3 rMiB=0.0 wMiB=0.0 exit=0
mem  high rep=18 rt_ms=2533.8 cpu%=15.1 mem=332.3 rMiB=0.0 wMiB=0.0 exit=0
mix  low  rep=28 rt_ms=3163.4 cpu%=31.1 mem=45.7 rMiB=0.0 wMiB=32.0 exit=0
mem  low  rep=16 rt_ms=2338.6 cpu%=5.0 mem=75.7 rMiB=0.0 wMiB=0.0 exit=0
cpu  med  rep=05 rt_ms=3902.0 cpu%=44.4 mem=11.6 rMiB=0.0 wMiB=0.0 exit=0
disk low  rep=14 rt_ms=2318.3 cpu%=3.7 mem=80.6 rMiB=0.0 wMiB=64.0 exit=0
mem  high rep=27 rt_ms=2546.9 cpu%=15.1 mem=332.2 rMiB=0.0 wMiB=0.0 exit=0
disk med  rep=26 rt_ms=2436.4 cpu%=6.8 mem=212.4 rMiB=0.0 wMiB=192.0 exit=0
cpu  low  rep=28 rt_ms=2749.4 cpu%=21.7 mem=11.6 rMiB=0.0 wMiB=0.0 exit=0
cpu  high rep=19 rt_ms=5608.3 cpu%=61.7 mem=11.6 rMiB=0.0 wMiB=0.8 exit=0
mem  med  rep=27 rt_ms=2411.6 cpu%=10.7 mem=204.0 rMiB=0.0 wMiB=0.0 exit=0
disk med  rep=10 rt_ms=2571.3 cpu%=7.9 mem=212.2 rMiB=0.0 wMiB=192.8 exit=0
cpu  low  rep=21 rt_ms=2771.6 cpu%=22.4 mem=11.7 rMiB=0.0 wMiB=0.0 exit=0
mix  high rep=08 rt_ms=7116.0 cpu%=67.6 mem=177.2 rMiB=0.0 wMiB=160.0 exit=0
disk med  rep=08 rt_ms=2415.2 cpu%=7.4 mem=212.4 rMiB=0.0 wMiB=192.0 exit=0
cpu  high rep=16 rt_ms=5662.3 cpu%=61.5 mem=11.5 rMiB=0.0 wMiB=0.8 exit=0
mix  med  rep=13 rt_ms=5311.0 cpu%=57.5 mem=111.5 rMiB=0.0 wMiB=96.0 exit=0
mem  med  rep=09 rt_ms=2526.2 cpu%=13.6 mem=204.0 rMiB=0.0 wMiB=0.0 exit=0
disk med  rep=15 rt_ms=2427.9 cpu%=7.4 mem=212.4 rMiB=0.0 wMiB=192.0 exit=0
mem  low  rep=08 rt_ms=2327.6 cpu%=5.9 mem=75.8 rMiB=0.0 wMiB=0.0 exit=0
cpu  med  rep=10 rt_ms=4122.3 cpu%=45.3 mem=11.6 rMiB=0.0 wMiB=0.0 exit=0
mem  high rep=11 rt_ms=2642.4 cpu%=16.7 mem=332.2 rMiB=0.0 wMiB=0.0 exit=0
mix  med  rep=28 rt_ms=5628.0 cpu%=59.2 mem=111.5 rMiB=0.0 wMiB=96.0 exit=0
cpu  med  rep=00 rt_ms=4008.7 cpu%=44.8 mem=11.5 rMiB=0.0 wMiB=0.0 exit=0
cpu  high rep=06 rt_ms=5736.7 cpu%=61.9 mem=11.7 rMiB=0.0 wMiB=0.8 exit=0
mix  med  rep=20 rt_ms=5305.5 cpu%=57.9 mem=111.4 rMiB=0.0 wMiB=96.0 exit=0
mem  med  rep=14 rt_ms=2532.8 cpu%=11.1 mem=203.9 rMiB=0.0 wMiB=0.0 exit=0
mem  med  rep=11 rt_ms=2511.2 cpu%=11.4 mem=204.0 rMiB=0.0 wMiB=0.0 exit=0
mix  high rep=03 rt_ms=7559.4 cpu%=69.8 mem=179.5 rMiB=0.0 wMiB=160.8 exit=0
mix  low  rep=07 rt_ms=3182.5 cpu%=32.2 mem=11.7 rMiB=0.0 wMiB=32.0 exit=0
disk high rep=09 rt_ms=2737.1 cpu%=11.3 mem=344.0 rMiB=0.0 wMiB=320.8 exit=0
disk high rep=27 rt_ms=2730.4 cpu%=11.3 mem=344.2 rMiB=0.0 wMiB=320.0 exit=0
cpu  low  rep=12 rt_ms=2867.7 cpu%=25.6 mem=11.7 rMiB=0.0 wMiB=0.0 exit=0
disk med  rep=23 rt_ms=2441.4 cpu%=7.0 mem=212.4 rMiB=0.0 wMiB=192.0 exit=0
disk high rep=13 rt_ms=2533.4 cpu%=9.8 mem=344.0 rMiB=0.0 wMiB=320.0 exit=0
cpu  low  rep=25 rt_ms=2878.6 cpu%=21.8 mem=11.6 rMiB=0.0 wMiB=0.0 exit=0
mem  low  rep=04 rt_ms=2330.7 cpu%=5.0 mem=75.6 rMiB=0.0 wMiB=0.0 exit=0
mix  med  rep=00 rt_ms=5156.2 cpu%=56.8 mem=111.4 rMiB=0.0 wMiB=96.0 exit=0
mix  med  rep=19 rt_ms=5151.2 cpu%=56.9 mem=111.4 rMiB=0.0 wMiB=96.0 exit=0
mix  low  rep=00 rt_ms=3175.2 cpu%=31.8 mem=11.8 rMiB=0.0 wMiB=32.0 exit=0
mem  low  rep=02 rt_ms=2315.6 cpu%=4.9 mem=75.8 rMiB=0.0 wMiB=0.0 exit=0
mem  low  rep=19 rt_ms=2337.9 cpu%=4.8 mem=75.8 rMiB=0.0 wMiB=0.0 exit=0
mix  high rep=19 rt_ms=7328.8 cpu%=68.8 mem=179.4 rMiB=0.0 wMiB=160.0 exit=0
mix  low  rep=14 rt_ms=3280.0 cpu%=31.0 mem=11.8 rMiB=0.0 wMiB=32.0 exit=0
cpu  low  rep=23 rt_ms=2845.0 cpu%=23.9 mem=11.5 rMiB=0.0 wMiB=0.0 exit=0
mix  low  rep=11 rt_ms=3209.4 cpu%=31.9 mem=11.7 rMiB=0.0 wMiB=32.0 exit=0
mem  low  rep=27 rt_ms=2318.1 cpu%=5.2 mem=75.8 rMiB=0.0 wMiB=0.0 exit=0
mix  high rep=26 rt_ms=7086.7 cpu%=69.0 mem=177.3 rMiB=0.0 wMiB=160.0 exit=0
disk med  rep=11 rt_ms=2403.2 cpu%=6.7 mem=212.4 rMiB=0.0 wMiB=192.0 exit=0
mix  high rep=23 rt_ms=7218.4 cpu%=68.4 mem=179.5 rMiB=0.0 wMiB=160.0 exit=0
cpu  low  rep=06 rt_ms=2752.7 cpu%=22.7 mem=11.5 rMiB=0.0 wMiB=0.0 exit=0
mix  med  rep=27 rt_ms=5162.0 cpu%=57.4 mem=107.9 rMiB=0.0 wMiB=96.8 exit=0
mix  low  rep=21 rt_ms=3201.4 cpu%=31.5 mem=11.8 rMiB=0.0 wMiB=32.0 exit=0
disk med  rep=21 rt_ms=2422.4 cpu%=6.9 mem=212.4 rMiB=0.0 wMiB=192.0 exit=0
mix  med  rep=10 rt_ms=5176.3 cpu%=57.2 mem=111.8 rMiB=0.0 wMiB=96.0 exit=0
mem  med  rep=25 rt_ms=2398.5 cpu%=10.4 mem=204.0 rMiB=0.0 wMiB=0.0 exit=0
cpu  med  rep=23 rt_ms=3993.5 cpu%=45.8 mem=11.6 rMiB=0.0 wMiB=0.0 exit=0
mix  med  rep=11 rt_ms=5228.8 cpu%=57.8 mem=113.5 rMiB=0.0 wMiB=96.0 exit=0
mem  low  rep=10 rt_ms=2334.4 cpu%=5.1 mem=75.7 rMiB=0.0 wMiB=0.0 exit=0
cpu  low  rep=08 rt_ms=2780.6 cpu%=23.0 mem=11.7 rMiB=0.0 wMiB=0.0 exit=0
cpu  low  rep=27 rt_ms=2745.4 cpu%=22.8 mem=11.6 rMiB=0.0 wMiB=0.0 exit=0
disk low  rep=28 rt_ms=2326.8 cpu%=4.0 mem=80.5 rMiB=0.0 wMiB=64.0 exit=0
cpu  med  rep=06 rt_ms=3959.0 cpu%=44.9 mem=11.5 rMiB=0.0 wMiB=0.0 exit=0
cpu  low  rep=22 rt_ms=2838.8 cpu%=22.0 mem=11.7 rMiB=0.0 wMiB=0.0 exit=0
mix  low  rep=25 rt_ms=3202.6 cpu%=32.7 mem=11.7 rMiB=0.0 wMiB=32.0 exit=0
mix  high rep=29 rt_ms=7203.0 cpu%=69.3 mem=179.5 rMiB=0.0 wMiB=160.0 exit=0
disk high rep=29 rt_ms=2510.5 cpu%=9.9 mem=344.2 rMiB=0.0 wMiB=320.0 exit=0
cpu  med  rep=04 rt_ms=4141.3 cpu%=46.4 mem=11.5 rMiB=0.0 wMiB=0.0 exit=0
mix  low  rep=10 rt_ms=3229.4 cpu%=32.7 mem=11.8 rMiB=0.0 wMiB=32.0 exit=0
mem  low  rep=12 rt_ms=2272.9 cpu%=5.3 mem=75.7 rMiB=0.0 wMiB=0.0 exit=0
mem  med  rep=15 rt_ms=2474.5 cpu%=12.2 mem=203.9 rMiB=0.0 wMiB=0.0 exit=0
mix  med  rep=08 rt_ms=5211.7 cpu%=56.6 mem=111.5 rMiB=0.0 wMiB=96.0 exit=0
disk med  rep=24 rt_ms=2417.4 cpu%=7.5 mem=212.4 rMiB=0.0 wMiB=192.0 exit=0
mix  med  rep=09 rt_ms=5399.7 cpu%=59.4 mem=111.5 rMiB=0.0 wMiB=96.0 exit=0
mem  high rep=10 rt_ms=2633.2 cpu%=16.2 mem=332.1 rMiB=0.0 wMiB=0.0 exit=0
cpu  high rep=27 rt_ms=6068.8 cpu%=62.0 mem=11.6 rMiB=0.0 wMiB=0.8 exit=0
mem  med  rep=06 rt_ms=2396.8 cpu%=10.6 mem=204.0 rMiB=0.0 wMiB=0.0 exit=0
disk med  rep=25 rt_ms=2526.7 cpu%=7.8 mem=212.4 rMiB=0.0 wMiB=192.0 exit=0
cpu  high rep=00 rt_ms=5875.5 cpu%=63.2 mem=11.7 rMiB=0.0 wMiB=0.8 exit=0
mix  med  rep=04 rt_ms=5222.2 cpu%=57.3 mem=111.9 rMiB=0.0 wMiB=96.0 exit=0
disk low  rep=00 rt_ms=2313.3 cpu%=3.8 mem=80.5 rMiB=0.0 wMiB=64.0 exit=0
cpu  low  rep=09 rt_ms=2771.9 cpu%=22.7 mem=11.6 rMiB=0.0 wMiB=0.0 exit=0
mem  high rep=09 rt_ms=2536.8 cpu%=15.5 mem=332.2 rMiB=0.0 wMiB=0.0 exit=0
mix  high rep=07 rt_ms=7121.9 cpu%=69.0 mem=179.5 rMiB=0.0 wMiB=160.0 exit=0
disk low  rep=26 rt_ms=2329.4 cpu%=3.8 mem=80.5 rMiB=0.0 wMiB=64.0 exit=0
mem  high rep=28 rt_ms=2530.5 cpu%=15.3 mem=332.2 rMiB=0.0 wMiB=0.0 exit=0
disk high rep=18 rt_ms=2580.7 cpu%=9.5 mem=344.2 rMiB=0.0 wMiB=320.0 exit=0
cpu  med  rep=03 rt_ms=4036.9 cpu%=46.2 mem=11.6 rMiB=0.0 wMiB=0.0 exit=0
disk low  rep=24 rt_ms=2288.3 cpu%=4.8 mem=80.6 rMiB=0.0 wMiB=64.0 exit=0
mix  high rep=21 rt_ms=7716.8 cpu%=70.2 mem=177.4 rMiB=0.0 wMiB=160.8 exit=0
disk med  rep=07 rt_ms=2434.5 cpu%=7.3 mem=212.4 rMiB=0.0 wMiB=192.0 exit=0
cpu  med  rep=25 rt_ms=3937.6 cpu%=45.7 mem=11.6 rMiB=0.0 wMiB=0.0 exit=0
disk low  rep=06 rt_ms=2290.7 cpu%=3.9 mem=80.5 rMiB=0.0 wMiB=64.0 exit=0
mix  high rep=06 rt_ms=7123.5 cpu%=68.2 mem=179.9 rMiB=0.0 wMiB=160.0 exit=0
mem  low  rep=14 rt_ms=2322.2 cpu%=5.0 mem=75.6 rMiB=0.0 wMiB=0.0 exit=0
disk low  rep=20 rt_ms=2291.2 cpu%=3.9 mem=80.6 rMiB=0.0 wMiB=64.0 exit=0
mem  high rep=07 rt_ms=2519.0 cpu%=15.4 mem=332.3 rMiB=0.0 wMiB=0.0 exit=0
disk low  rep=04 rt_ms=2320.8 cpu%=3.9 mem=80.9 rMiB=0.0 wMiB=64.0 exit=0
mix  med  rep=25 rt_ms=5157.6 cpu%=57.2 mem=111.4 rMiB=0.0 wMiB=96.0 exit=0
disk low  rep=16 rt_ms=2298.5 cpu%=3.6 mem=11.8 rMiB=0.0 wMiB=64.0 exit=0
mem  high rep=20 rt_ms=2542.9 cpu%=15.3 mem=332.2 rMiB=0.0 wMiB=0.0 exit=0
cpu  high rep=24 rt_ms=5886.0 cpu%=62.8 mem=11.7 rMiB=0.0 wMiB=0.8 exit=0
mix  low  rep=29 rt_ms=3199.4 cpu%=31.9 mem=11.8 rMiB=0.0 wMiB=32.0 exit=0
mix  low  rep=22 rt_ms=3317.8 cpu%=34.2 mem=11.9 rMiB=0.0 wMiB=32.0 exit=0
disk low  rep=07 rt_ms=2330.2 cpu%=4.6 mem=80.4 rMiB=0.0 wMiB=64.0 exit=0
mix  low  rep=03 rt_ms=3189.2 cpu%=31.6 mem=11.8 rMiB=0.0 wMiB=32.0 exit=0
mix  med  rep=16 rt_ms=5254.2 cpu%=56.6 mem=111.6 rMiB=0.0 wMiB=96.0 exit=0
